{"/home/iad-ubuntu/Desktop/Andela/my-brand-aimedivin/my-brand-aimedivin-backend/src/app.ts": {"path":"/home/iad-ubuntu/Desktop/Andela/my-brand-aimedivin/my-brand-aimedivin-backend/src/app.ts","statementMap":{"0":{"start":{"line":1,"column":0},"end":{"line":1,"column":83}},"1":{"start":{"line":3,"column":0},"end":{"line":3,"column":22}},"2":{"start":{"line":4,"column":0},"end":{"line":4,"column":31}},"3":{"start":{"line":8,"column":0},"end":{"line":8,"column":55}},"4":{"start":{"line":9,"column":0},"end":{"line":9,"column":55}},"5":{"start":{"line":10,"column":0},"end":{"line":10,"column":45}},"6":{"start":{"line":12,"column":0},"end":{"line":12,"column":41}},"7":{"start":{"line":13,"column":0},"end":{"line":13,"column":42}},"8":{"start":{"line":14,"column":0},"end":{"line":14,"column":24}},"9":{"start":{"line":18,"column":13},"end":{"line":18,"column":29}},"10":{"start":{"line":20,"column":0},"end":{"line":20,"column":24}},"11":{"start":{"line":22,"column":0},"end":{"line":27,"column":null}},"12":{"start":{"line":23,"column":4},"end":{"line":23,"column":54}},"13":{"start":{"line":24,"column":4},"end":{"line":24,"column":83}},"14":{"start":{"line":25,"column":4},"end":{"line":25,"column":81}},"15":{"start":{"line":26,"column":4},"end":{"line":26,"column":11}},"16":{"start":{"line":30,"column":0},"end":{"line":32,"column":3}},"17":{"start":{"line":30,"column":57},"end":{"line":32,"column":2}},"18":{"start":{"line":31,"column":4},"end":{"line":31,"column":52}},"19":{"start":{"line":34,"column":0},"end":{"line":34,"column":43}},"20":{"start":{"line":35,"column":0},"end":{"line":35,"column":43}},"21":{"start":{"line":36,"column":0},"end":{"line":36,"column":33}},"22":{"start":{"line":42,"column":16},"end":{"line":64,"column":null}},"23":{"start":{"line":65,"column":14},"end":{"line":65,"column":35}},"24":{"start":{"line":67,"column":0},"end":{"line":67,"column":62}},"25":{"start":{"line":69,"column":0},"end":{"line":76,"column":null}},"26":{"start":{"line":71,"column":8},"end":{"line":71,"column":42}},"27":{"start":{"line":74,"column":8},"end":{"line":74,"column":25}},"28":{"start":{"line":78,"column":20},"end":{"line":83,"column":1}},"29":{"start":{"line":79,"column":17},"end":{"line":79,"column":41}},"30":{"start":{"line":80,"column":4},"end":{"line":82,"column":7}},"31":{"start":{"line":81,"column":8},"end":{"line":81,"column":59}},"32":{"start":{"line":85,"column":0},"end":{"line":87,"column":1}},"33":{"start":{"line":86,"column":4},"end":{"line":86,"column":18}}},"fnMap":{"0":{"name":"(anonymous_8)","decl":{"start":{"line":22,"column":8},"end":{"line":22,"column":9}},"loc":{"start":{"line":22,"column":27},"end":{"line":27,"column":1}}},"1":{"name":"(anonymous_9)","decl":{"start":{"line":30,"column":19},"end":{"line":30,"column":26}},"loc":{"start":{"line":30,"column":57},"end":{"line":32,"column":2}}},"2":{"name":"(anonymous_10)","decl":{"start":{"line":30,"column":57},"end":{"line":30,"column":null}},"loc":{"start":{"line":30,"column":57},"end":{"line":32,"column":1}}},"3":{"name":"(anonymous_11)","decl":{"start":{"line":70,"column":10},"end":{"line":70,"column":13}},"loc":{"start":{"line":70,"column":15},"end":{"line":72,"column":5}}},"4":{"name":"(anonymous_12)","decl":{"start":{"line":73,"column":11},"end":{"line":73,"column":14}},"loc":{"start":{"line":73,"column":17},"end":{"line":76,"column":5}}},"5":{"name":"(anonymous_13)","decl":{"start":{"line":78,"column":20},"end":{"line":78,"column":23}},"loc":{"start":{"line":78,"column":25},"end":{"line":83,"column":1}}},"6":{"name":"(anonymous_14)","decl":{"start":{"line":80,"column":21},"end":{"line":80,"column":24}},"loc":{"start":{"line":80,"column":26},"end":{"line":82,"column":5}}}},"branchMap":{"0":{"loc":{"start":{"line":79,"column":17},"end":{"line":79,"column":41}},"type":"binary-expr","locations":[{"start":{"line":79,"column":17},"end":{"line":79,"column":33}},{"start":{"line":79,"column":37},"end":{"line":79,"column":41}}]},"1":{"loc":{"start":{"line":85,"column":0},"end":{"line":87,"column":1}},"type":"if","locations":[{"start":{"line":85,"column":0},"end":{"line":87,"column":1}}]}},"s":{"0":2,"1":2,"2":2,"3":2,"4":2,"5":2,"6":2,"7":2,"8":2,"9":2,"10":2,"11":2,"12":27,"13":27,"14":27,"15":27,"16":2,"17":0,"18":0,"19":2,"20":2,"21":2,"22":2,"23":2,"24":2,"25":2,"26":2,"27":0,"28":2,"29":0,"30":0,"31":0,"32":2,"33":0},"f":{"0":27,"1":0,"2":0,"3":2,"4":0,"5":0,"6":0},"b":{"0":[0,0],"1":[0]}}
,"/home/iad-ubuntu/Desktop/Andela/my-brand-aimedivin/my-brand-aimedivin-backend/src/controllers/auth.ts": {"path":"/home/iad-ubuntu/Desktop/Andela/my-brand-aimedivin/my-brand-aimedivin-backend/src/controllers/auth.ts","statementMap":{"0":{"start":{"line":2,"column":0},"end":{"line":2,"column":52}},"1":{"start":{"line":3,"column":0},"end":{"line":3,"column":30}},"2":{"start":{"line":4,"column":0},"end":{"line":4,"column":22}},"3":{"start":{"line":7,"column":0},"end":{"line":7,"column":29}},"4":{"start":{"line":8,"column":0},"end":{"line":8,"column":33}},"5":{"start":{"line":9,"column":0},"end":{"line":9,"column":59}},"6":{"start":{"line":10,"column":0},"end":{"line":10,"column":41}},"7":{"start":{"line":14,"column":4},"end":{"line":62,"column":6}},"8":{"start":{"line":14,"column":52},"end":{"line":62,"column":6}},"9":{"start":{"line":15,"column":8},"end":{"line":61,"column":9}},"10":{"start":{"line":16,"column":35},"end":{"line":16,"column":96}},"11":{"start":{"line":18,"column":25},"end":{"line":18,"column":38}},"12":{"start":{"line":19,"column":26},"end":{"line":19,"column":40}},"13":{"start":{"line":20,"column":24},"end":{"line":20,"column":36}},"14":{"start":{"line":21,"column":26},"end":{"line":21,"column":40}},"15":{"start":{"line":22,"column":29},"end":{"line":22,"column":46}},"16":{"start":{"line":24,"column":27},"end":{"line":24,"column":56}},"17":{"start":{"line":25,"column":12},"end":{"line":27,"column":13}},"18":{"start":{"line":26,"column":16},"end":{"line":26,"column":81}},"19":{"start":{"line":28,"column":35},"end":{"line":28,"column":66}},"20":{"start":{"line":30,"column":12},"end":{"line":47,"column":13}},"21":{"start":{"line":31,"column":29},"end":{"line":37,"column":18}},"22":{"start":{"line":39,"column":16},"end":{"line":46,"column":17}},"23":{"start":{"line":40,"column":42},"end":{"line":40,"column":88}},"24":{"start":{"line":41,"column":20},"end":{"line":45,"column":null}},"25":{"start":{"line":50,"column":12},"end":{"line":60,"column":13}},"26":{"start":{"line":51,"column":16},"end":{"line":51,"column":74}},"27":{"start":{"line":53,"column":17},"end":{"line":60,"column":13}},"28":{"start":{"line":54,"column":16},"end":{"line":56,"column":null}},"29":{"start":{"line":59,"column":16},"end":{"line":59,"column":66}},"30":{"start":{"line":64,"column":4},"end":{"line":100,"column":null}},"31":{"start":{"line":64,"column":47},"end":{"line":100,"column":null}},"32":{"start":{"line":65,"column":8},"end":{"line":99,"column":9}},"33":{"start":{"line":66,"column":26},"end":{"line":66,"column":40}},"34":{"start":{"line":67,"column":29},"end":{"line":67,"column":46}},"35":{"start":{"line":68,"column":25},"end":{"line":68,"column":61}},"36":{"start":{"line":70,"column":12},"end":{"line":73,"column":13}},"37":{"start":{"line":71,"column":30},"end":{"line":71,"column":91}},"38":{"start":{"line":72,"column":16},"end":{"line":72,"column":28}},"39":{"start":{"line":74,"column":38},"end":{"line":74,"column":83}},"40":{"start":{"line":76,"column":12},"end":{"line":79,"column":13}},"41":{"start":{"line":77,"column":30},"end":{"line":77,"column":91}},"42":{"start":{"line":78,"column":16},"end":{"line":78,"column":28}},"43":{"start":{"line":80,"column":26},"end":{"line":85,"column":null}},"44":{"start":{"line":88,"column":12},"end":{"line":92,"column":null}},"45":{"start":{"line":94,"column":12},"end":{"line":98,"column":13}},"46":{"start":{"line":95,"column":16},"end":{"line":95,"column":74}},"47":{"start":{"line":97,"column":16},"end":{"line":97,"column":66}},"48":{"start":{"line":102,"column":4},"end":{"line":142,"column":null}},"49":{"start":{"line":102,"column":52},"end":{"line":142,"column":null}},"50":{"start":{"line":103,"column":8},"end":{"line":141,"column":9}},"51":{"start":{"line":104,"column":25},"end":{"line":104,"column":38}},"52":{"start":{"line":105,"column":26},"end":{"line":105,"column":40}},"53":{"start":{"line":106,"column":24},"end":{"line":106,"column":36}},"54":{"start":{"line":107,"column":32},"end":{"line":107,"column":49}},"55":{"start":{"line":108,"column":27},"end":{"line":108,"column":37}},"56":{"start":{"line":109,"column":35},"end":{"line":109,"column":56}},"57":{"start":{"line":111,"column":12},"end":{"line":114,"column":13}},"58":{"start":{"line":112,"column":30},"end":{"line":112,"column":68}},"59":{"start":{"line":113,"column":16},"end":{"line":113,"column":28}},"60":{"start":{"line":116,"column":12},"end":{"line":119,"column":13}},"61":{"start":{"line":117,"column":30},"end":{"line":117,"column":85}},"62":{"start":{"line":118,"column":16},"end":{"line":118,"column":28}},"63":{"start":{"line":121,"column":36},"end":{"line":121,"column":137}},"64":{"start":{"line":123,"column":38},"end":{"line":123,"column":63}},"65":{"start":{"line":125,"column":12},"end":{"line":125,"column":null}},"66":{"start":{"line":127,"column":12},"end":{"line":131,"column":null}},"67":{"start":{"line":134,"column":12},"end":{"line":134,"column":29}},"68":{"start":{"line":136,"column":12},"end":{"line":140,"column":13}},"69":{"start":{"line":137,"column":16},"end":{"line":137,"column":74}},"70":{"start":{"line":139,"column":16},"end":{"line":139,"column":66}},"71":{"start":{"line":13,"column":0},"end":{"line":13,"column":13}}},"fnMap":{"0":{"name":"(anonymous_8)","decl":{"start":{"line":13,"column":0},"end":{"line":13,"column":13}},"loc":{"start":{"line":13,"column":0},"end":{"line":143,"column":1}}},"1":{"name":"(anonymous_9)","decl":{"start":{"line":14,"column":33},"end":{"line":14,"column":40}},"loc":{"start":{"line":14,"column":52},"end":{"line":62,"column":6}}},"2":{"name":"(anonymous_10)","decl":{"start":{"line":14,"column":52},"end":{"line":14,"column":null}},"loc":{"start":{"line":14,"column":52},"end":{"line":62,"column":5}}},"3":{"name":"(anonymous_11)","decl":{"start":{"line":64,"column":28},"end":{"line":64,"column":35}},"loc":{"start":{"line":64,"column":47},"end":{"line":100,"column":null}}},"4":{"name":"(anonymous_12)","decl":{"start":{"line":64,"column":47},"end":{"line":64,"column":null}},"loc":{"start":{"line":64,"column":47},"end":{"line":100,"column":5}}},"5":{"name":"(anonymous_13)","decl":{"start":{"line":102,"column":33},"end":{"line":102,"column":40}},"loc":{"start":{"line":102,"column":52},"end":{"line":142,"column":null}}},"6":{"name":"(anonymous_14)","decl":{"start":{"line":102,"column":52},"end":{"line":102,"column":null}},"loc":{"start":{"line":102,"column":52},"end":{"line":142,"column":5}}}},"branchMap":{"0":{"loc":{"start":{"line":25,"column":12},"end":{"line":27,"column":13}},"type":"if","locations":[{"start":{"line":25,"column":12},"end":{"line":27,"column":13}}]},"1":{"loc":{"start":{"line":30,"column":12},"end":{"line":47,"column":13}},"type":"if","locations":[{"start":{"line":30,"column":12},"end":{"line":47,"column":13}}]},"2":{"loc":{"start":{"line":39,"column":16},"end":{"line":46,"column":17}},"type":"if","locations":[{"start":{"line":39,"column":16},"end":{"line":46,"column":17}}]},"3":{"loc":{"start":{"line":50,"column":12},"end":{"line":60,"column":13}},"type":"if","locations":[{"start":{"line":50,"column":12},"end":{"line":60,"column":13}},{"start":{"line":53,"column":17},"end":{"line":60,"column":13}}]},"4":{"loc":{"start":{"line":53,"column":17},"end":{"line":60,"column":13}},"type":"if","locations":[{"start":{"line":53,"column":17},"end":{"line":60,"column":13}},{"start":{"line":58,"column":17},"end":{"line":60,"column":13}}]},"5":{"loc":{"start":{"line":70,"column":12},"end":{"line":73,"column":13}},"type":"if","locations":[{"start":{"line":70,"column":12},"end":{"line":73,"column":13}}]},"6":{"loc":{"start":{"line":76,"column":12},"end":{"line":79,"column":13}},"type":"if","locations":[{"start":{"line":76,"column":12},"end":{"line":79,"column":13}}]},"7":{"loc":{"start":{"line":94,"column":12},"end":{"line":98,"column":13}},"type":"if","locations":[{"start":{"line":94,"column":12},"end":{"line":98,"column":13}},{"start":{"line":96,"column":19},"end":{"line":98,"column":13}}]},"8":{"loc":{"start":{"line":111,"column":12},"end":{"line":114,"column":13}},"type":"if","locations":[{"start":{"line":111,"column":12},"end":{"line":114,"column":13}}]},"9":{"loc":{"start":{"line":116,"column":12},"end":{"line":119,"column":13}},"type":"if","locations":[{"start":{"line":116,"column":12},"end":{"line":119,"column":13}}]},"10":{"loc":{"start":{"line":136,"column":12},"end":{"line":140,"column":13}},"type":"if","locations":[{"start":{"line":136,"column":12},"end":{"line":140,"column":13}},{"start":{"line":138,"column":19},"end":{"line":140,"column":13}}]}},"s":{"0":2,"1":2,"2":2,"3":2,"4":2,"5":2,"6":2,"7":2,"8":3,"9":3,"10":3,"11":2,"12":2,"13":2,"14":2,"15":2,"16":2,"17":2,"18":1,"19":1,"20":1,"21":1,"22":1,"23":1,"24":1,"25":1,"26":0,"27":1,"28":1,"29":0,"30":2,"31":3,"32":3,"33":3,"34":3,"35":3,"36":3,"37":1,"38":1,"39":2,"40":2,"41":1,"42":1,"43":1,"44":1,"45":2,"46":2,"47":0,"48":2,"49":0,"50":0,"51":0,"52":0,"53":0,"54":0,"55":0,"56":0,"57":0,"58":0,"59":0,"60":0,"61":0,"62":0,"63":0,"64":0,"65":0,"66":0,"67":0,"68":0,"69":0,"70":0,"71":2},"f":{"0":2,"1":3,"2":3,"3":3,"4":3,"5":0,"6":0},"b":{"0":[1],"1":[1],"2":[1],"3":[0,1],"4":[1,0],"5":[1],"6":[1],"7":[2,0],"8":[0],"9":[0],"10":[0,0]}}
,"/home/iad-ubuntu/Desktop/Andela/my-brand-aimedivin/my-brand-aimedivin-backend/src/controllers/dashboard.ts": {"path":"/home/iad-ubuntu/Desktop/Andela/my-brand-aimedivin/my-brand-aimedivin-backend/src/controllers/dashboard.ts","statementMap":{"0":{"start":{"line":2,"column":0},"end":{"line":2,"column":52}},"1":{"start":{"line":3,"column":0},"end":{"line":3,"column":33}},"2":{"start":{"line":4,"column":0},"end":{"line":4,"column":50}},"3":{"start":{"line":5,"column":0},"end":{"line":5,"column":33}},"4":{"start":{"line":6,"column":0},"end":{"line":6,"column":39}},"5":{"start":{"line":7,"column":0},"end":{"line":7,"column":39}},"6":{"start":{"line":14,"column":8},"end":{"line":14,"column":null}},"7":{"start":{"line":15,"column":8},"end":{"line":15,"column":null}},"8":{"start":{"line":10,"column":0},"end":{"line":10,"column":13}},"9":{"start":{"line":21,"column":4},"end":{"line":36,"column":6}},"10":{"start":{"line":21,"column":50},"end":{"line":36,"column":6}},"11":{"start":{"line":22,"column":8},"end":{"line":35,"column":9}},"12":{"start":{"line":23,"column":26},"end":{"line":23,"column":43}},"13":{"start":{"line":25,"column":12},"end":{"line":29,"column":19}},"14":{"start":{"line":31,"column":12},"end":{"line":34,"column":null}},"15":{"start":{"line":40,"column":4},"end":{"line":61,"column":null}},"16":{"start":{"line":40,"column":49},"end":{"line":61,"column":null}},"17":{"start":{"line":41,"column":8},"end":{"line":60,"column":9}},"18":{"start":{"line":42,"column":27},"end":{"line":42,"column":44}},"19":{"start":{"line":43,"column":12},"end":{"line":45,"column":13}},"20":{"start":{"line":44,"column":16},"end":{"line":44,"column":76}},"21":{"start":{"line":46,"column":25},"end":{"line":46,"column":52}},"22":{"start":{"line":47,"column":12},"end":{"line":52,"column":23}},"23":{"start":{"line":48,"column":16},"end":{"line":52,"column":23}},"24":{"start":{"line":53,"column":12},"end":{"line":56,"column":19}},"25":{"start":{"line":58,"column":12},"end":{"line":58,"column":null}},"26":{"start":{"line":59,"column":12},"end":{"line":59,"column":29}},"27":{"start":{"line":64,"column":4},"end":{"line":129,"column":null}},"28":{"start":{"line":64,"column":52},"end":{"line":129,"column":null}},"29":{"start":{"line":65,"column":8},"end":{"line":128,"column":9}},"30":{"start":{"line":66,"column":35},"end":{"line":66,"column":52}},"31":{"start":{"line":68,"column":12},"end":{"line":70,"column":13}},"32":{"start":{"line":69,"column":16},"end":{"line":69,"column":76}},"33":{"start":{"line":72,"column":36},"end":{"line":72,"column":57}},"34":{"start":{"line":74,"column":12},"end":{"line":77,"column":13}},"35":{"start":{"line":75,"column":30},"end":{"line":75,"column":85}},"36":{"start":{"line":76,"column":16},"end":{"line":76,"column":28}},"37":{"start":{"line":79,"column":37},"end":{"line":79,"column":51}},"38":{"start":{"line":80,"column":43},"end":{"line":80,"column":63}},"39":{"start":{"line":81,"column":40},"end":{"line":81,"column":57}},"40":{"start":{"line":84,"column":33},"end":{"line":95,"column":14}},"41":{"start":{"line":96,"column":12},"end":{"line":96,"column":38}},"42":{"start":{"line":98,"column":12},"end":{"line":102,"column":23}},"43":{"start":{"line":99,"column":16},"end":{"line":102,"column":23}},"44":{"start":{"line":104,"column":25},"end":{"line":104,"column":52}},"45":{"start":{"line":106,"column":12},"end":{"line":117,"column":13}},"46":{"start":{"line":107,"column":16},"end":{"line":107,"column":38}},"47":{"start":{"line":108,"column":16},"end":{"line":108,"column":50}},"48":{"start":{"line":109,"column":16},"end":{"line":109,"column":44}},"49":{"start":{"line":111,"column":16},"end":{"line":111,"column":null}},"50":{"start":{"line":112,"column":16},"end":{"line":116,"column":23}},"51":{"start":{"line":118,"column":12},"end":{"line":121,"column":null}},"52":{"start":{"line":123,"column":12},"end":{"line":127,"column":13}},"53":{"start":{"line":124,"column":16},"end":{"line":124,"column":74}},"54":{"start":{"line":126,"column":16},"end":{"line":126,"column":66}},"55":{"start":{"line":133,"column":4},"end":{"line":185,"column":6}},"56":{"start":{"line":133,"column":50},"end":{"line":185,"column":6}},"57":{"start":{"line":134,"column":8},"end":{"line":184,"column":9}},"58":{"start":{"line":135,"column":36},"end":{"line":135,"column":57}},"59":{"start":{"line":137,"column":12},"end":{"line":141,"column":13}},"60":{"start":{"line":138,"column":30},"end":{"line":138,"column":85}},"61":{"start":{"line":140,"column":16},"end":{"line":140,"column":28}},"62":{"start":{"line":142,"column":53},"end":{"line":142,"column":61}},"63":{"start":{"line":145,"column":33},"end":{"line":155,"column":14}},"64":{"start":{"line":157,"column":12},"end":{"line":161,"column":19}},"65":{"start":{"line":157,"column":30},"end":{"line":161,"column":19}},"66":{"start":{"line":163,"column":28},"end":{"line":168,"column":null}},"67":{"start":{"line":170,"column":12},"end":{"line":170,"column":33}},"68":{"start":{"line":172,"column":12},"end":{"line":176,"column":19}},"69":{"start":{"line":179,"column":12},"end":{"line":183,"column":13}},"70":{"start":{"line":180,"column":16},"end":{"line":180,"column":74}},"71":{"start":{"line":182,"column":16},"end":{"line":182,"column":39}},"72":{"start":{"line":188,"column":4},"end":{"line":215,"column":null}},"73":{"start":{"line":188,"column":52},"end":{"line":215,"column":null}},"74":{"start":{"line":189,"column":23},"end":{"line":189,"column":40}},"75":{"start":{"line":190,"column":23},"end":{"line":190,"column":33}},"76":{"start":{"line":192,"column":8},"end":{"line":194,"column":9}},"77":{"start":{"line":193,"column":12},"end":{"line":193,"column":72}},"78":{"start":{"line":196,"column":8},"end":{"line":214,"column":9}},"79":{"start":{"line":197,"column":27},"end":{"line":197,"column":63}},"80":{"start":{"line":198,"column":12},"end":{"line":205,"column":13}},"81":{"start":{"line":199,"column":37},"end":{"line":199,"column":81}},"82":{"start":{"line":201,"column":16},"end":{"line":204,"column":23}},"83":{"start":{"line":206,"column":12},"end":{"line":209,"column":19}},"84":{"start":{"line":211,"column":12},"end":{"line":212,"column":50}},"85":{"start":{"line":219,"column":4},"end":{"line":235,"column":null}},"86":{"start":{"line":219,"column":50},"end":{"line":235,"column":null}},"87":{"start":{"line":220,"column":8},"end":{"line":234,"column":9}},"88":{"start":{"line":221,"column":26},"end":{"line":221,"column":43}},"89":{"start":{"line":222,"column":12},"end":{"line":228,"column":13}},"90":{"start":{"line":223,"column":16},"end":{"line":227,"column":null}},"91":{"start":{"line":230,"column":12},"end":{"line":233,"column":null}},"92":{"start":{"line":238,"column":4},"end":{"line":253,"column":null}},"93":{"start":{"line":238,"column":53},"end":{"line":253,"column":null}},"94":{"start":{"line":239,"column":8},"end":{"line":252,"column":9}},"95":{"start":{"line":240,"column":29},"end":{"line":240,"column":49}},"96":{"start":{"line":242,"column":12},"end":{"line":246,"column":19}},"97":{"start":{"line":248,"column":12},"end":{"line":251,"column":null}},"98":{"start":{"line":256,"column":4},"end":{"line":277,"column":null}},"99":{"start":{"line":256,"column":52},"end":{"line":277,"column":null}},"100":{"start":{"line":257,"column":8},"end":{"line":276,"column":9}},"101":{"start":{"line":258,"column":26},"end":{"line":258,"column":42}},"102":{"start":{"line":259,"column":12},"end":{"line":261,"column":13}},"103":{"start":{"line":260,"column":16},"end":{"line":260,"column":79}},"104":{"start":{"line":262,"column":28},"end":{"line":262,"column":57}},"105":{"start":{"line":263,"column":12},"end":{"line":268,"column":23}},"106":{"start":{"line":264,"column":16},"end":{"line":268,"column":23}},"107":{"start":{"line":269,"column":12},"end":{"line":272,"column":19}},"108":{"start":{"line":274,"column":12},"end":{"line":274,"column":null}},"109":{"start":{"line":275,"column":12},"end":{"line":275,"column":29}},"110":{"start":{"line":19,"column":0},"end":{"line":19,"column":13}}},"fnMap":{"0":{"name":"(anonymous_8)","decl":{"start":{"line":13,"column":4},"end":{"line":13,"column":16}},"loc":{"start":{"line":13,"column":51},"end":{"line":16,"column":5}}},"1":{"name":"(anonymous_9)","decl":{"start":{"line":19,"column":0},"end":{"line":19,"column":13}},"loc":{"start":{"line":19,"column":0},"end":{"line":278,"column":1}}},"2":{"name":"(anonymous_10)","decl":{"start":{"line":21,"column":31},"end":{"line":21,"column":38}},"loc":{"start":{"line":21,"column":50},"end":{"line":36,"column":6}}},"3":{"name":"(anonymous_11)","decl":{"start":{"line":21,"column":50},"end":{"line":21,"column":null}},"loc":{"start":{"line":21,"column":50},"end":{"line":36,"column":5}}},"4":{"name":"(anonymous_12)","decl":{"start":{"line":40,"column":30},"end":{"line":40,"column":37}},"loc":{"start":{"line":40,"column":49},"end":{"line":61,"column":null}}},"5":{"name":"(anonymous_13)","decl":{"start":{"line":40,"column":49},"end":{"line":40,"column":null}},"loc":{"start":{"line":40,"column":49},"end":{"line":61,"column":5}}},"6":{"name":"(anonymous_14)","decl":{"start":{"line":64,"column":33},"end":{"line":64,"column":40}},"loc":{"start":{"line":64,"column":52},"end":{"line":129,"column":null}}},"7":{"name":"(anonymous_15)","decl":{"start":{"line":64,"column":52},"end":{"line":64,"column":null}},"loc":{"start":{"line":64,"column":52},"end":{"line":129,"column":5}}},"8":{"name":"(anonymous_16)","decl":{"start":{"line":133,"column":31},"end":{"line":133,"column":38}},"loc":{"start":{"line":133,"column":50},"end":{"line":185,"column":6}}},"9":{"name":"(anonymous_17)","decl":{"start":{"line":133,"column":50},"end":{"line":133,"column":null}},"loc":{"start":{"line":133,"column":50},"end":{"line":185,"column":5}}},"10":{"name":"(anonymous_18)","decl":{"start":{"line":188,"column":33},"end":{"line":188,"column":40}},"loc":{"start":{"line":188,"column":52},"end":{"line":215,"column":null}}},"11":{"name":"(anonymous_19)","decl":{"start":{"line":188,"column":52},"end":{"line":188,"column":null}},"loc":{"start":{"line":188,"column":52},"end":{"line":215,"column":5}}},"12":{"name":"(anonymous_20)","decl":{"start":{"line":219,"column":31},"end":{"line":219,"column":38}},"loc":{"start":{"line":219,"column":50},"end":{"line":235,"column":null}}},"13":{"name":"(anonymous_21)","decl":{"start":{"line":219,"column":50},"end":{"line":219,"column":null}},"loc":{"start":{"line":219,"column":50},"end":{"line":235,"column":5}}},"14":{"name":"(anonymous_22)","decl":{"start":{"line":238,"column":34},"end":{"line":238,"column":41}},"loc":{"start":{"line":238,"column":53},"end":{"line":253,"column":null}}},"15":{"name":"(anonymous_23)","decl":{"start":{"line":238,"column":53},"end":{"line":238,"column":null}},"loc":{"start":{"line":238,"column":53},"end":{"line":253,"column":5}}},"16":{"name":"(anonymous_24)","decl":{"start":{"line":256,"column":33},"end":{"line":256,"column":40}},"loc":{"start":{"line":256,"column":52},"end":{"line":277,"column":null}}},"17":{"name":"(anonymous_25)","decl":{"start":{"line":256,"column":52},"end":{"line":256,"column":null}},"loc":{"start":{"line":256,"column":52},"end":{"line":277,"column":5}}}},"branchMap":{"0":{"loc":{"start":{"line":43,"column":12},"end":{"line":45,"column":13}},"type":"if","locations":[{"start":{"line":43,"column":12},"end":{"line":45,"column":13}}]},"1":{"loc":{"start":{"line":47,"column":12},"end":{"line":52,"column":23}},"type":"if","locations":[{"start":{"line":47,"column":12},"end":{"line":52,"column":23}}]},"2":{"loc":{"start":{"line":68,"column":12},"end":{"line":70,"column":13}},"type":"if","locations":[{"start":{"line":68,"column":12},"end":{"line":70,"column":13}}]},"3":{"loc":{"start":{"line":74,"column":12},"end":{"line":77,"column":13}},"type":"if","locations":[{"start":{"line":74,"column":12},"end":{"line":77,"column":13}}]},"4":{"loc":{"start":{"line":98,"column":12},"end":{"line":102,"column":23}},"type":"if","locations":[{"start":{"line":98,"column":12},"end":{"line":102,"column":23}}]},"5":{"loc":{"start":{"line":106,"column":12},"end":{"line":117,"column":13}},"type":"if","locations":[{"start":{"line":106,"column":12},"end":{"line":117,"column":13}}]},"6":{"loc":{"start":{"line":123,"column":12},"end":{"line":127,"column":13}},"type":"if","locations":[{"start":{"line":123,"column":12},"end":{"line":127,"column":13}},{"start":{"line":125,"column":19},"end":{"line":127,"column":13}}]},"7":{"loc":{"start":{"line":137,"column":12},"end":{"line":141,"column":13}},"type":"if","locations":[{"start":{"line":137,"column":12},"end":{"line":141,"column":13}}]},"8":{"loc":{"start":{"line":157,"column":12},"end":{"line":161,"column":19}},"type":"if","locations":[{"start":{"line":157,"column":12},"end":{"line":161,"column":19}}]},"9":{"loc":{"start":{"line":179,"column":12},"end":{"line":183,"column":13}},"type":"if","locations":[{"start":{"line":179,"column":12},"end":{"line":183,"column":13}},{"start":{"line":181,"column":19},"end":{"line":183,"column":13}}]},"10":{"loc":{"start":{"line":192,"column":8},"end":{"line":194,"column":9}},"type":"if","locations":[{"start":{"line":192,"column":8},"end":{"line":194,"column":9}}]},"11":{"loc":{"start":{"line":198,"column":12},"end":{"line":205,"column":13}},"type":"if","locations":[{"start":{"line":198,"column":12},"end":{"line":205,"column":13}}]},"12":{"loc":{"start":{"line":222,"column":12},"end":{"line":228,"column":13}},"type":"if","locations":[{"start":{"line":222,"column":12},"end":{"line":228,"column":13}}]},"13":{"loc":{"start":{"line":259,"column":12},"end":{"line":261,"column":13}},"type":"if","locations":[{"start":{"line":259,"column":12},"end":{"line":261,"column":13}}]},"14":{"loc":{"start":{"line":263,"column":12},"end":{"line":268,"column":23}},"type":"if","locations":[{"start":{"line":263,"column":12},"end":{"line":268,"column":23}}]}},"s":{"0":2,"1":2,"2":2,"3":2,"4":2,"5":2,"6":5,"7":5,"8":2,"9":2,"10":0,"11":0,"12":0,"13":0,"14":0,"15":2,"16":0,"17":0,"18":0,"19":0,"20":0,"21":0,"22":0,"23":0,"24":0,"25":0,"26":0,"27":2,"28":0,"29":0,"30":0,"31":0,"32":0,"33":0,"34":0,"35":0,"36":0,"37":0,"38":0,"39":0,"40":0,"41":0,"42":0,"43":0,"44":0,"45":0,"46":0,"47":0,"48":0,"49":0,"50":0,"51":0,"52":0,"53":0,"54":0,"55":2,"56":0,"57":0,"58":0,"59":0,"60":0,"61":0,"62":0,"63":0,"64":0,"65":0,"66":0,"67":0,"68":0,"69":0,"70":0,"71":0,"72":2,"73":0,"74":0,"75":0,"76":0,"77":0,"78":0,"79":0,"80":0,"81":0,"82":0,"83":0,"84":0,"85":2,"86":0,"87":0,"88":0,"89":0,"90":0,"91":0,"92":2,"93":0,"94":0,"95":0,"96":0,"97":0,"98":2,"99":0,"100":0,"101":0,"102":0,"103":0,"104":0,"105":0,"106":0,"107":0,"108":0,"109":0,"110":2},"f":{"0":5,"1":2,"2":0,"3":0,"4":0,"5":0,"6":0,"7":0,"8":0,"9":0,"10":0,"11":0,"12":0,"13":0,"14":0,"15":0,"16":0,"17":0},"b":{"0":[0],"1":[0],"2":[0],"3":[0],"4":[0],"5":[0],"6":[0,0],"7":[0],"8":[0],"9":[0,0],"10":[0],"11":[0],"12":[0],"13":[0],"14":[0]}}
,"/home/iad-ubuntu/Desktop/Andela/my-brand-aimedivin/my-brand-aimedivin-backend/src/controllers/portfolio.ts": {"path":"/home/iad-ubuntu/Desktop/Andela/my-brand-aimedivin/my-brand-aimedivin-backend/src/controllers/portfolio.ts","statementMap":{"0":{"start":{"line":3,"column":0},"end":{"line":3,"column":33}},"1":{"start":{"line":4,"column":0},"end":{"line":4,"column":39}},"2":{"start":{"line":5,"column":0},"end":{"line":5,"column":39}},"3":{"start":{"line":7,"column":0},"end":{"line":7,"column":42}},"4":{"start":{"line":8,"column":0},"end":{"line":8,"column":33}},"5":{"start":{"line":9,"column":0},"end":{"line":9,"column":53}},"6":{"start":{"line":12,"column":4},"end":{"line":27,"column":6}},"7":{"start":{"line":12,"column":50},"end":{"line":27,"column":6}},"8":{"start":{"line":13,"column":8},"end":{"line":26,"column":9}},"9":{"start":{"line":14,"column":26},"end":{"line":14,"column":43}},"10":{"start":{"line":16,"column":12},"end":{"line":20,"column":19}},"11":{"start":{"line":22,"column":12},"end":{"line":25,"column":null}},"12":{"start":{"line":30,"column":4},"end":{"line":54,"column":null}},"13":{"start":{"line":30,"column":49},"end":{"line":54,"column":null}},"14":{"start":{"line":31,"column":8},"end":{"line":53,"column":9}},"15":{"start":{"line":32,"column":27},"end":{"line":32,"column":44}},"16":{"start":{"line":34,"column":12},"end":{"line":36,"column":13}},"17":{"start":{"line":35,"column":16},"end":{"line":35,"column":76}},"18":{"start":{"line":38,"column":25},"end":{"line":38,"column":52}},"19":{"start":{"line":40,"column":12},"end":{"line":46,"column":13}},"20":{"start":{"line":41,"column":16},"end":{"line":45,"column":23}},"21":{"start":{"line":47,"column":12},"end":{"line":50,"column":19}},"22":{"start":{"line":52,"column":12},"end":{"line":52,"column":null}},"23":{"start":{"line":57,"column":4},"end":{"line":83,"column":null}},"24":{"start":{"line":57,"column":53},"end":{"line":83,"column":null}},"25":{"start":{"line":58,"column":8},"end":{"line":82,"column":9}},"26":{"start":{"line":59,"column":27},"end":{"line":59,"column":44}},"27":{"start":{"line":61,"column":12},"end":{"line":63,"column":13}},"28":{"start":{"line":62,"column":16},"end":{"line":62,"column":76}},"29":{"start":{"line":65,"column":33},"end":{"line":65,"column":63}},"30":{"start":{"line":67,"column":12},"end":{"line":70,"column":13}},"31":{"start":{"line":68,"column":30},"end":{"line":68,"column":68}},"32":{"start":{"line":69,"column":16},"end":{"line":69,"column":28}},"33":{"start":{"line":71,"column":12},"end":{"line":75,"column":null}},"34":{"start":{"line":77,"column":12},"end":{"line":81,"column":13}},"35":{"start":{"line":78,"column":16},"end":{"line":78,"column":74}},"36":{"start":{"line":80,"column":16},"end":{"line":80,"column":78}},"37":{"start":{"line":85,"column":4},"end":{"line":128,"column":null}},"38":{"start":{"line":85,"column":53},"end":{"line":128,"column":null}},"39":{"start":{"line":86,"column":8},"end":{"line":127,"column":9}},"40":{"start":{"line":88,"column":36},"end":{"line":88,"column":44}},"41":{"start":{"line":89,"column":27},"end":{"line":89,"column":44}},"42":{"start":{"line":90,"column":27},"end":{"line":90,"column":37}},"43":{"start":{"line":92,"column":12},"end":{"line":94,"column":13}},"44":{"start":{"line":93,"column":16},"end":{"line":93,"column":76}},"45":{"start":{"line":97,"column":25},"end":{"line":97,"column":52}},"46":{"start":{"line":98,"column":12},"end":{"line":101,"column":13}},"47":{"start":{"line":99,"column":30},"end":{"line":99,"column":68}},"48":{"start":{"line":100,"column":16},"end":{"line":100,"column":28}},"49":{"start":{"line":103,"column":12},"end":{"line":103,"column":68}},"50":{"start":{"line":104,"column":12},"end":{"line":104,"column":30}},"51":{"start":{"line":106,"column":31},"end":{"line":111,"column":null}},"52":{"start":{"line":113,"column":12},"end":{"line":113,"column":36}},"53":{"start":{"line":115,"column":12},"end":{"line":119,"column":19}},"54":{"start":{"line":122,"column":12},"end":{"line":126,"column":13}},"55":{"start":{"line":123,"column":16},"end":{"line":123,"column":74}},"56":{"start":{"line":125,"column":16},"end":{"line":125,"column":73}},"57":{"start":{"line":132,"column":4},"end":{"line":169,"column":null}},"58":{"start":{"line":132,"column":50},"end":{"line":169,"column":null}},"59":{"start":{"line":133,"column":8},"end":{"line":168,"column":9}},"60":{"start":{"line":134,"column":27},"end":{"line":134,"column":44}},"61":{"start":{"line":135,"column":27},"end":{"line":135,"column":37}},"62":{"start":{"line":137,"column":12},"end":{"line":139,"column":13}},"63":{"start":{"line":138,"column":16},"end":{"line":138,"column":76}},"64":{"start":{"line":142,"column":25},"end":{"line":142,"column":52}},"65":{"start":{"line":143,"column":12},"end":{"line":146,"column":13}},"66":{"start":{"line":144,"column":30},"end":{"line":144,"column":78}},"67":{"start":{"line":145,"column":16},"end":{"line":145,"column":28}},"68":{"start":{"line":148,"column":29},"end":{"line":148,"column":67}},"69":{"start":{"line":149,"column":12},"end":{"line":158,"column":13}},"70":{"start":{"line":150,"column":36},"end":{"line":150,"column":64}},"71":{"start":{"line":151,"column":16},"end":{"line":151,"column":35}},"72":{"start":{"line":153,"column":16},"end":{"line":153,"column":63}},"73":{"start":{"line":154,"column":16},"end":{"line":154,"column":28}},"74":{"start":{"line":156,"column":16},"end":{"line":157,"column":null}},"75":{"start":{"line":159,"column":12},"end":{"line":160,"column":null}},"76":{"start":{"line":163,"column":12},"end":{"line":167,"column":13}},"77":{"start":{"line":164,"column":16},"end":{"line":164,"column":74}},"78":{"start":{"line":166,"column":16},"end":{"line":166,"column":86}},"79":{"start":{"line":171,"column":4},"end":{"line":205,"column":null}},"80":{"start":{"line":171,"column":52},"end":{"line":205,"column":null}},"81":{"start":{"line":172,"column":8},"end":{"line":204,"column":9}},"82":{"start":{"line":173,"column":27},"end":{"line":173,"column":44}},"83":{"start":{"line":174,"column":27},"end":{"line":174,"column":37}},"84":{"start":{"line":175,"column":12},"end":{"line":177,"column":13}},"85":{"start":{"line":176,"column":16},"end":{"line":176,"column":76}},"86":{"start":{"line":180,"column":25},"end":{"line":180,"column":52}},"87":{"start":{"line":181,"column":12},"end":{"line":184,"column":13}},"88":{"start":{"line":182,"column":30},"end":{"line":182,"column":78}},"89":{"start":{"line":183,"column":16},"end":{"line":183,"column":28}},"90":{"start":{"line":186,"column":29},"end":{"line":186,"column":76}},"91":{"start":{"line":187,"column":12},"end":{"line":190,"column":13}},"92":{"start":{"line":188,"column":30},"end":{"line":188,"column":104}},"93":{"start":{"line":189,"column":16},"end":{"line":189,"column":28}},"94":{"start":{"line":192,"column":12},"end":{"line":192,"column":41}},"95":{"start":{"line":193,"column":12},"end":{"line":193,"column":24}},"96":{"start":{"line":195,"column":12},"end":{"line":196,"column":null}},"97":{"start":{"line":199,"column":12},"end":{"line":203,"column":13}},"98":{"start":{"line":200,"column":16},"end":{"line":200,"column":74}},"99":{"start":{"line":202,"column":16},"end":{"line":202,"column":86}},"100":{"start":{"line":210,"column":4},"end":{"line":222,"column":null}},"101":{"start":{"line":210,"column":53},"end":{"line":222,"column":null}},"102":{"start":{"line":211,"column":48},"end":{"line":211,"column":56}},"103":{"start":{"line":212,"column":8},"end":{"line":221,"column":9}},"104":{"start":{"line":213,"column":31},"end":{"line":213,"column":75}},"105":{"start":{"line":214,"column":12},"end":{"line":214,"column":36}},"106":{"start":{"line":215,"column":12},"end":{"line":215,"column":56}},"107":{"start":{"line":217,"column":12},"end":{"line":220,"column":19}},"108":{"start":{"line":10,"column":0},"end":{"line":10,"column":13}}},"fnMap":{"0":{"name":"(anonymous_8)","decl":{"start":{"line":10,"column":0},"end":{"line":10,"column":13}},"loc":{"start":{"line":10,"column":0},"end":{"line":223,"column":1}}},"1":{"name":"(anonymous_9)","decl":{"start":{"line":12,"column":31},"end":{"line":12,"column":38}},"loc":{"start":{"line":12,"column":50},"end":{"line":27,"column":6}}},"2":{"name":"(anonymous_10)","decl":{"start":{"line":12,"column":50},"end":{"line":12,"column":null}},"loc":{"start":{"line":12,"column":50},"end":{"line":27,"column":5}}},"3":{"name":"(anonymous_11)","decl":{"start":{"line":30,"column":30},"end":{"line":30,"column":37}},"loc":{"start":{"line":30,"column":49},"end":{"line":54,"column":null}}},"4":{"name":"(anonymous_12)","decl":{"start":{"line":30,"column":49},"end":{"line":30,"column":null}},"loc":{"start":{"line":30,"column":49},"end":{"line":54,"column":5}}},"5":{"name":"(anonymous_13)","decl":{"start":{"line":57,"column":34},"end":{"line":57,"column":41}},"loc":{"start":{"line":57,"column":53},"end":{"line":83,"column":null}}},"6":{"name":"(anonymous_14)","decl":{"start":{"line":57,"column":53},"end":{"line":57,"column":null}},"loc":{"start":{"line":57,"column":53},"end":{"line":83,"column":5}}},"7":{"name":"(anonymous_15)","decl":{"start":{"line":85,"column":34},"end":{"line":85,"column":41}},"loc":{"start":{"line":85,"column":53},"end":{"line":128,"column":null}}},"8":{"name":"(anonymous_16)","decl":{"start":{"line":85,"column":53},"end":{"line":85,"column":null}},"loc":{"start":{"line":85,"column":53},"end":{"line":128,"column":5}}},"9":{"name":"(anonymous_17)","decl":{"start":{"line":132,"column":31},"end":{"line":132,"column":38}},"loc":{"start":{"line":132,"column":50},"end":{"line":169,"column":null}}},"10":{"name":"(anonymous_18)","decl":{"start":{"line":132,"column":50},"end":{"line":132,"column":null}},"loc":{"start":{"line":132,"column":50},"end":{"line":169,"column":5}}},"11":{"name":"(anonymous_19)","decl":{"start":{"line":171,"column":33},"end":{"line":171,"column":40}},"loc":{"start":{"line":171,"column":52},"end":{"line":205,"column":null}}},"12":{"name":"(anonymous_20)","decl":{"start":{"line":171,"column":52},"end":{"line":171,"column":null}},"loc":{"start":{"line":171,"column":52},"end":{"line":205,"column":5}}},"13":{"name":"(anonymous_21)","decl":{"start":{"line":210,"column":34},"end":{"line":210,"column":41}},"loc":{"start":{"line":210,"column":53},"end":{"line":222,"column":null}}},"14":{"name":"(anonymous_22)","decl":{"start":{"line":210,"column":53},"end":{"line":210,"column":null}},"loc":{"start":{"line":210,"column":53},"end":{"line":222,"column":5}}}},"branchMap":{"0":{"loc":{"start":{"line":34,"column":12},"end":{"line":36,"column":13}},"type":"if","locations":[{"start":{"line":34,"column":12},"end":{"line":36,"column":13}}]},"1":{"loc":{"start":{"line":40,"column":12},"end":{"line":46,"column":13}},"type":"if","locations":[{"start":{"line":40,"column":12},"end":{"line":46,"column":13}}]},"2":{"loc":{"start":{"line":61,"column":12},"end":{"line":63,"column":13}},"type":"if","locations":[{"start":{"line":61,"column":12},"end":{"line":63,"column":13}}]},"3":{"loc":{"start":{"line":67,"column":12},"end":{"line":70,"column":13}},"type":"if","locations":[{"start":{"line":67,"column":12},"end":{"line":70,"column":13}}]},"4":{"loc":{"start":{"line":77,"column":12},"end":{"line":81,"column":13}},"type":"if","locations":[{"start":{"line":77,"column":12},"end":{"line":81,"column":13}},{"start":{"line":79,"column":19},"end":{"line":81,"column":13}}]},"5":{"loc":{"start":{"line":92,"column":12},"end":{"line":94,"column":13}},"type":"if","locations":[{"start":{"line":92,"column":12},"end":{"line":94,"column":13}}]},"6":{"loc":{"start":{"line":98,"column":12},"end":{"line":101,"column":13}},"type":"if","locations":[{"start":{"line":98,"column":12},"end":{"line":101,"column":13}}]},"7":{"loc":{"start":{"line":103,"column":29},"end":{"line":103,"column":62}},"type":"cond-expr","locations":[{"start":{"line":103,"column":45},"end":{"line":103,"column":58}},{"start":{"line":103,"column":61},"end":{"line":103,"column":62}}]},"8":{"loc":{"start":{"line":122,"column":12},"end":{"line":126,"column":13}},"type":"if","locations":[{"start":{"line":122,"column":12},"end":{"line":126,"column":13}},{"start":{"line":124,"column":19},"end":{"line":126,"column":13}}]},"9":{"loc":{"start":{"line":137,"column":12},"end":{"line":139,"column":13}},"type":"if","locations":[{"start":{"line":137,"column":12},"end":{"line":139,"column":13}}]},"10":{"loc":{"start":{"line":143,"column":12},"end":{"line":146,"column":13}},"type":"if","locations":[{"start":{"line":143,"column":12},"end":{"line":146,"column":13}}]},"11":{"loc":{"start":{"line":149,"column":12},"end":{"line":158,"column":13}},"type":"if","locations":[{"start":{"line":149,"column":12},"end":{"line":158,"column":13}}]},"12":{"loc":{"start":{"line":153,"column":30},"end":{"line":153,"column":57}},"type":"cond-expr","locations":[{"start":{"line":153,"column":43},"end":{"line":153,"column":53}},{"start":{"line":153,"column":56},"end":{"line":153,"column":57}}]},"13":{"loc":{"start":{"line":163,"column":12},"end":{"line":167,"column":13}},"type":"if","locations":[{"start":{"line":163,"column":12},"end":{"line":167,"column":13}},{"start":{"line":165,"column":19},"end":{"line":167,"column":13}}]},"14":{"loc":{"start":{"line":175,"column":12},"end":{"line":177,"column":13}},"type":"if","locations":[{"start":{"line":175,"column":12},"end":{"line":177,"column":13}}]},"15":{"loc":{"start":{"line":181,"column":12},"end":{"line":184,"column":13}},"type":"if","locations":[{"start":{"line":181,"column":12},"end":{"line":184,"column":13}}]},"16":{"loc":{"start":{"line":187,"column":12},"end":{"line":190,"column":13}},"type":"if","locations":[{"start":{"line":187,"column":12},"end":{"line":190,"column":13}}]},"17":{"loc":{"start":{"line":199,"column":12},"end":{"line":203,"column":13}},"type":"if","locations":[{"start":{"line":199,"column":12},"end":{"line":203,"column":13}},{"start":{"line":201,"column":19},"end":{"line":203,"column":13}}]}},"s":{"0":2,"1":2,"2":2,"3":2,"4":2,"5":2,"6":2,"7":1,"8":1,"9":1,"10":1,"11":0,"12":2,"13":3,"14":3,"15":3,"16":3,"17":1,"18":2,"19":2,"20":1,"21":1,"22":0,"23":2,"24":3,"25":3,"26":3,"27":3,"28":1,"29":2,"30":2,"31":1,"32":1,"33":1,"34":1,"35":1,"36":0,"37":2,"38":3,"39":3,"40":3,"41":3,"42":3,"43":3,"44":1,"45":2,"46":2,"47":1,"48":1,"49":1,"50":1,"51":1,"52":1,"53":1,"54":1,"55":1,"56":0,"57":2,"58":3,"59":3,"60":3,"61":3,"62":3,"63":1,"64":2,"65":2,"66":1,"67":1,"68":1,"69":1,"70":1,"71":1,"72":1,"73":1,"74":1,"75":0,"76":1,"77":1,"78":0,"79":2,"80":0,"81":0,"82":0,"83":0,"84":0,"85":0,"86":0,"87":0,"88":0,"89":0,"90":0,"91":0,"92":0,"93":0,"94":0,"95":0,"96":0,"97":0,"98":0,"99":0,"100":2,"101":1,"102":1,"103":1,"104":1,"105":1,"106":1,"107":0,"108":2},"f":{"0":2,"1":1,"2":1,"3":3,"4":3,"5":3,"6":3,"7":3,"8":3,"9":3,"10":3,"11":0,"12":0,"13":1,"14":1},"b":{"0":[1],"1":[1],"2":[1],"3":[1],"4":[1,0],"5":[1],"6":[1],"7":[0,1],"8":[1,0],"9":[1],"10":[1],"11":[1],"12":[0,1],"13":[1,0],"14":[0],"15":[0],"16":[0],"17":[0,0]}}
,"/home/iad-ubuntu/Desktop/Andela/my-brand-aimedivin/my-brand-aimedivin-backend/src/helpers/validation_schema.ts": {"path":"/home/iad-ubuntu/Desktop/Andela/my-brand-aimedivin/my-brand-aimedivin-backend/src/helpers/validation_schema.ts","statementMap":{"0":{"start":{"line":1,"column":0},"end":{"line":1,"column":22}},"1":{"start":{"line":3,"column":23},"end":{"line":9,"column":2}},"2":{"start":{"line":11,"column":0},"end":{"line":13,"column":null}}},"fnMap":{},"branchMap":{},"s":{"0":2,"1":2,"2":2},"f":{},"b":{}}
,"/home/iad-ubuntu/Desktop/Andela/my-brand-aimedivin/my-brand-aimedivin-backend/src/middleware/isAuth.ts": {"path":"/home/iad-ubuntu/Desktop/Andela/my-brand-aimedivin/my-brand-aimedivin-backend/src/middleware/isAuth.ts","statementMap":{"0":{"start":{"line":2,"column":0},"end":{"line":2,"column":47}},"1":{"start":{"line":3,"column":0},"end":{"line":3,"column":22}},"2":{"start":{"line":5,"column":0},"end":{"line":5,"column":54}},"3":{"start":{"line":7,"column":0},"end":{"line":7,"column":33}},"4":{"start":{"line":18,"column":19},"end":{"line":18,"column":43}},"5":{"start":{"line":20,"column":4},"end":{"line":23,"column":5}},"6":{"start":{"line":21,"column":22},"end":{"line":21,"column":68}},"7":{"start":{"line":22,"column":8},"end":{"line":22,"column":20}},"8":{"start":{"line":25,"column":18},"end":{"line":25,"column":38}},"9":{"start":{"line":28,"column":4},"end":{"line":28,"column":80}},"10":{"start":{"line":30,"column":4},"end":{"line":33,"column":5}},"11":{"start":{"line":31,"column":22},"end":{"line":31,"column":68}},"12":{"start":{"line":32,"column":8},"end":{"line":32,"column":20}},"13":{"start":{"line":34,"column":4},"end":{"line":34,"column":24}},"14":{"start":{"line":37,"column":38},"end":{"line":62,"column":null}},"15":{"start":{"line":37,"column":63},"end":{"line":62,"column":null}},"16":{"start":{"line":38,"column":4},"end":{"line":61,"column":5}},"17":{"start":{"line":39,"column":29},"end":{"line":39,"column":52}},"18":{"start":{"line":40,"column":8},"end":{"line":40,"column":41}},"19":{"start":{"line":42,"column":19},"end":{"line":42,"column":59}},"20":{"start":{"line":44,"column":8},"end":{"line":49,"column":9}},"21":{"start":{"line":45,"column":12},"end":{"line":45,"column":null}},"22":{"start":{"line":47,"column":26},"end":{"line":47,"column":74}},"23":{"start":{"line":48,"column":12},"end":{"line":48,"column":24}},"24":{"start":{"line":53,"column":8},"end":{"line":60,"column":9}},"25":{"start":{"line":54,"column":12},"end":{"line":54,"column":72}},"26":{"start":{"line":56,"column":13},"end":{"line":60,"column":9}},"27":{"start":{"line":57,"column":12},"end":{"line":57,"column":70}},"28":{"start":{"line":59,"column":12},"end":{"line":59,"column":62}},"29":{"start":{"line":37,"column":13},"end":{"line":37,"column":38}},"30":{"start":{"line":64,"column":43},"end":{"line":87,"column":null}},"31":{"start":{"line":64,"column":68},"end":{"line":87,"column":null}},"32":{"start":{"line":66,"column":4},"end":{"line":86,"column":5}},"33":{"start":{"line":67,"column":29},"end":{"line":67,"column":52}},"34":{"start":{"line":68,"column":19},"end":{"line":68,"column":59}},"35":{"start":{"line":70,"column":8},"end":{"line":73,"column":9}},"36":{"start":{"line":71,"column":26},"end":{"line":71,"column":72}},"37":{"start":{"line":72,"column":12},"end":{"line":72,"column":24}},"38":{"start":{"line":74,"column":8},"end":{"line":74,"column":null}},"39":{"start":{"line":78,"column":8},"end":{"line":85,"column":9}},"40":{"start":{"line":79,"column":12},"end":{"line":79,"column":72}},"41":{"start":{"line":81,"column":13},"end":{"line":85,"column":9}},"42":{"start":{"line":82,"column":12},"end":{"line":82,"column":70}},"43":{"start":{"line":84,"column":12},"end":{"line":84,"column":62}},"44":{"start":{"line":64,"column":13},"end":{"line":64,"column":43}}},"fnMap":{"0":{"name":"authorizationCheck","decl":{"start":{"line":17,"column":9},"end":{"line":17,"column":27}},"loc":{"start":{"line":17,"column":40},"end":{"line":35,"column":1}}},"1":{"name":"(anonymous_9)","decl":{"start":{"line":37,"column":38},"end":{"line":37,"column":45}},"loc":{"start":{"line":37,"column":63},"end":{"line":62,"column":null}}},"2":{"name":"(anonymous_10)","decl":{"start":{"line":37,"column":63},"end":{"line":37,"column":null}},"loc":{"start":{"line":37,"column":63},"end":{"line":62,"column":1}}},"3":{"name":"(anonymous_11)","decl":{"start":{"line":64,"column":43},"end":{"line":64,"column":50}},"loc":{"start":{"line":64,"column":68},"end":{"line":87,"column":null}}},"4":{"name":"(anonymous_12)","decl":{"start":{"line":64,"column":68},"end":{"line":64,"column":null}},"loc":{"start":{"line":64,"column":68},"end":{"line":87,"column":1}}}},"branchMap":{"0":{"loc":{"start":{"line":20,"column":4},"end":{"line":23,"column":5}},"type":"if","locations":[{"start":{"line":20,"column":4},"end":{"line":23,"column":5}}]},"1":{"loc":{"start":{"line":30,"column":4},"end":{"line":33,"column":5}},"type":"if","locations":[{"start":{"line":30,"column":4},"end":{"line":33,"column":5}}]},"2":{"loc":{"start":{"line":44,"column":8},"end":{"line":49,"column":9}},"type":"if","locations":[{"start":{"line":44,"column":8},"end":{"line":49,"column":9}},{"start":{"line":46,"column":15},"end":{"line":49,"column":9}}]},"3":{"loc":{"start":{"line":53,"column":8},"end":{"line":60,"column":9}},"type":"if","locations":[{"start":{"line":53,"column":8},"end":{"line":60,"column":9}},{"start":{"line":56,"column":13},"end":{"line":60,"column":9}}]},"4":{"loc":{"start":{"line":53,"column":13},"end":{"line":53,"column":102}},"type":"binary-expr","locations":[{"start":{"line":53,"column":13},"end":{"line":53,"column":55}},{"start":{"line":53,"column":60},"end":{"line":53,"column":102}}]},"5":{"loc":{"start":{"line":56,"column":13},"end":{"line":60,"column":9}},"type":"if","locations":[{"start":{"line":56,"column":13},"end":{"line":60,"column":9}},{"start":{"line":58,"column":15},"end":{"line":60,"column":9}}]},"6":{"loc":{"start":{"line":70,"column":8},"end":{"line":73,"column":9}},"type":"if","locations":[{"start":{"line":70,"column":8},"end":{"line":73,"column":9}}]},"7":{"loc":{"start":{"line":78,"column":8},"end":{"line":85,"column":9}},"type":"if","locations":[{"start":{"line":78,"column":8},"end":{"line":85,"column":9}},{"start":{"line":81,"column":13},"end":{"line":85,"column":9}}]},"8":{"loc":{"start":{"line":78,"column":13},"end":{"line":78,"column":102}},"type":"binary-expr","locations":[{"start":{"line":78,"column":13},"end":{"line":78,"column":55}},{"start":{"line":78,"column":60},"end":{"line":78,"column":102}}]},"9":{"loc":{"start":{"line":81,"column":13},"end":{"line":85,"column":9}},"type":"if","locations":[{"start":{"line":81,"column":13},"end":{"line":85,"column":9}},{"start":{"line":83,"column":15},"end":{"line":85,"column":9}}]}},"s":{"0":2,"1":2,"2":2,"3":2,"4":13,"5":13,"6":0,"7":0,"8":13,"9":13,"10":11,"11":0,"12":0,"13":11,"14":2,"15":13,"16":13,"17":13,"18":11,"19":11,"20":11,"21":6,"22":0,"23":0,"24":7,"25":2,"26":5,"27":0,"28":5,"29":2,"30":2,"31":0,"32":0,"33":0,"34":0,"35":0,"36":0,"37":0,"38":0,"39":0,"40":0,"41":0,"42":0,"43":0,"44":2},"f":{"0":13,"1":13,"2":13,"3":0,"4":0},"b":{"0":[0],"1":[0],"2":[6,0],"3":[2,5],"4":[7,5],"5":[0,5],"6":[0],"7":[0,0],"8":[0,0],"9":[0,0]}}
,"/home/iad-ubuntu/Desktop/Andela/my-brand-aimedivin/my-brand-aimedivin-backend/src/model/blog.ts": {"path":"/home/iad-ubuntu/Desktop/Andela/my-brand-aimedivin/my-brand-aimedivin-backend/src/model/blog.ts","statementMap":{"0":{"start":{"line":1,"column":0},"end":{"line":1,"column":44}},"1":{"start":{"line":3,"column":19},"end":{"line":22,"column":6}},"2":{"start":{"line":24,"column":13},"end":{"line":24,"column":48}},"3":{"start":{"line":26,"column":0},"end":{"line":26,"column":20}}},"fnMap":{},"branchMap":{},"s":{"0":2,"1":2,"2":2,"3":2},"f":{},"b":{}}
,"/home/iad-ubuntu/Desktop/Andela/my-brand-aimedivin/my-brand-aimedivin-backend/src/model/comment.ts": {"path":"/home/iad-ubuntu/Desktop/Andela/my-brand-aimedivin/my-brand-aimedivin-backend/src/model/comment.ts","statementMap":{"0":{"start":{"line":1,"column":0},"end":{"line":1,"column":44}},"1":{"start":{"line":3,"column":22},"end":{"line":23,"column":6}},"2":{"start":{"line":25,"column":16},"end":{"line":25,"column":57}},"3":{"start":{"line":27,"column":0},"end":{"line":27,"column":23}}},"fnMap":{},"branchMap":{},"s":{"0":2,"1":2,"2":2,"3":2},"f":{},"b":{}}
,"/home/iad-ubuntu/Desktop/Andela/my-brand-aimedivin/my-brand-aimedivin-backend/src/model/like.ts": {"path":"/home/iad-ubuntu/Desktop/Andela/my-brand-aimedivin/my-brand-aimedivin-backend/src/model/like.ts","statementMap":{"0":{"start":{"line":1,"column":0},"end":{"line":1,"column":44}},"1":{"start":{"line":3,"column":19},"end":{"line":15,"column":6}},"2":{"start":{"line":17,"column":13},"end":{"line":17,"column":48}},"3":{"start":{"line":19,"column":0},"end":{"line":19,"column":20}}},"fnMap":{},"branchMap":{},"s":{"0":2,"1":2,"2":2,"3":2},"f":{},"b":{}}
,"/home/iad-ubuntu/Desktop/Andela/my-brand-aimedivin/my-brand-aimedivin-backend/src/model/message.ts": {"path":"/home/iad-ubuntu/Desktop/Andela/my-brand-aimedivin/my-brand-aimedivin-backend/src/model/message.ts","statementMap":{"0":{"start":{"line":1,"column":0},"end":{"line":1,"column":32}},"1":{"start":{"line":3,"column":22},"end":{"line":16,"column":2}},"2":{"start":{"line":19,"column":16},"end":{"line":19,"column":57}},"3":{"start":{"line":21,"column":0},"end":{"line":21,"column":23}}},"fnMap":{},"branchMap":{},"s":{"0":2,"1":2,"2":2,"3":2},"f":{},"b":{}}
,"/home/iad-ubuntu/Desktop/Andela/my-brand-aimedivin/my-brand-aimedivin-backend/src/model/user.ts": {"path":"/home/iad-ubuntu/Desktop/Andela/my-brand-aimedivin/my-brand-aimedivin-backend/src/model/user.ts","statementMap":{"0":{"start":{"line":1,"column":0},"end":{"line":1,"column":32}},"1":{"start":{"line":3,"column":19},"end":{"line":29,"column":24}},"2":{"start":{"line":32,"column":13},"end":{"line":32,"column":48}},"3":{"start":{"line":34,"column":0},"end":{"line":34,"column":20}}},"fnMap":{},"branchMap":{},"s":{"0":2,"1":2,"2":2,"3":2},"f":{},"b":{}}
,"/home/iad-ubuntu/Desktop/Andela/my-brand-aimedivin/my-brand-aimedivin-backend/src/routes/authRoutes.ts": {"path":"/home/iad-ubuntu/Desktop/Andela/my-brand-aimedivin/my-brand-aimedivin-backend/src/routes/authRoutes.ts","statementMap":{"0":{"start":{"line":177,"column":0},"end":{"line":177,"column":33}},"1":{"start":{"line":178,"column":0},"end":{"line":178,"column":41}},"2":{"start":{"line":181,"column":0},"end":{"line":181,"column":43}},"3":{"start":{"line":182,"column":0},"end":{"line":182,"column":46}},"4":{"start":{"line":184,"column":15},"end":{"line":184,"column":23}},"5":{"start":{"line":186,"column":23},"end":{"line":186,"column":33}},"6":{"start":{"line":188,"column":0},"end":{"line":188,"column":50}},"7":{"start":{"line":190,"column":0},"end":{"line":197,"column":2}},"8":{"start":{"line":199,"column":0},"end":{"line":199,"column":44}},"9":{"start":{"line":201,"column":0},"end":{"line":201,"column":22}}},"fnMap":{},"branchMap":{},"s":{"0":2,"1":2,"2":2,"3":2,"4":2,"5":2,"6":2,"7":2,"8":2,"9":2},"f":{},"b":{}}
,"/home/iad-ubuntu/Desktop/Andela/my-brand-aimedivin/my-brand-aimedivin-backend/src/routes/dashboardRoutes.ts": {"path":"/home/iad-ubuntu/Desktop/Andela/my-brand-aimedivin/my-brand-aimedivin-backend/src/routes/dashboardRoutes.ts","statementMap":{"0":{"start":{"line":288,"column":0},"end":{"line":288,"column":49}},"1":{"start":{"line":289,"column":0},"end":{"line":289,"column":41}},"2":{"start":{"line":291,"column":0},"end":{"line":291,"column":53}},"3":{"start":{"line":292,"column":0},"end":{"line":292,"column":58}},"4":{"start":{"line":294,"column":15},"end":{"line":294,"column":23}},"5":{"start":{"line":296,"column":28},"end":{"line":296,"column":43}},"6":{"start":{"line":298,"column":0},"end":{"line":298,"column":64}},"7":{"start":{"line":300,"column":0},"end":{"line":300,"column":70}},"8":{"start":{"line":302,"column":0},"end":{"line":310,"column":2}},"9":{"start":{"line":312,"column":0},"end":{"line":320,"column":2}},"10":{"start":{"line":322,"column":0},"end":{"line":322,"column":76}},"11":{"start":{"line":325,"column":0},"end":{"line":325,"column":64}},"12":{"start":{"line":328,"column":0},"end":{"line":328,"column":69}},"13":{"start":{"line":330,"column":0},"end":{"line":330,"column":75}},"14":{"start":{"line":332,"column":0},"end":{"line":332,"column":22}}},"fnMap":{},"branchMap":{},"s":{"0":2,"1":2,"2":2,"3":2,"4":2,"5":2,"6":2,"7":2,"8":2,"9":2,"10":2,"11":2,"12":2,"13":2,"14":2},"f":{},"b":{}}
,"/home/iad-ubuntu/Desktop/Andela/my-brand-aimedivin/my-brand-aimedivin-backend/src/routes/portfolioRoutes.ts": {"path":"/home/iad-ubuntu/Desktop/Andela/my-brand-aimedivin/my-brand-aimedivin-backend/src/routes/portfolioRoutes.ts","statementMap":{"0":{"start":{"line":374,"column":0},"end":{"line":374,"column":33}},"1":{"start":{"line":375,"column":0},"end":{"line":375,"column":52}},"2":{"start":{"line":377,"column":0},"end":{"line":377,"column":58}},"3":{"start":{"line":379,"column":15},"end":{"line":379,"column":23}},"4":{"start":{"line":381,"column":28},"end":{"line":381,"column":43}},"5":{"start":{"line":384,"column":0},"end":{"line":384,"column":51}},"6":{"start":{"line":386,"column":0},"end":{"line":386,"column":57}},"7":{"start":{"line":389,"column":0},"end":{"line":389,"column":69}},"8":{"start":{"line":391,"column":0},"end":{"line":391,"column":78}},"9":{"start":{"line":394,"column":0},"end":{"line":394,"column":72}},"10":{"start":{"line":396,"column":0},"end":{"line":396,"column":76}},"11":{"start":{"line":399,"column":0},"end":{"line":399,"column":57}},"12":{"start":{"line":403,"column":0},"end":{"line":403,"column":22}}},"fnMap":{},"branchMap":{},"s":{"0":2,"1":2,"2":2,"3":2,"4":2,"5":2,"6":2,"7":2,"8":2,"9":2,"10":2,"11":2,"12":2},"f":{},"b":{}}
}
