{"/home/iad-ubuntu/Desktop/Andela/my-brand-aimedivin/my-brand-aimedivin-backend/src/app.ts": {"path":"/home/iad-ubuntu/Desktop/Andela/my-brand-aimedivin/my-brand-aimedivin-backend/src/app.ts","statementMap":{"0":{"start":{"line":1,"column":0},"end":{"line":1,"column":83}},"1":{"start":{"line":3,"column":0},"end":{"line":3,"column":22}},"2":{"start":{"line":4,"column":0},"end":{"line":4,"column":31}},"3":{"start":{"line":8,"column":0},"end":{"line":8,"column":55}},"4":{"start":{"line":9,"column":0},"end":{"line":9,"column":55}},"5":{"start":{"line":10,"column":0},"end":{"line":10,"column":45}},"6":{"start":{"line":12,"column":0},"end":{"line":12,"column":41}},"7":{"start":{"line":13,"column":0},"end":{"line":13,"column":42}},"8":{"start":{"line":18,"column":13},"end":{"line":18,"column":29}},"9":{"start":{"line":20,"column":0},"end":{"line":20,"column":24}},"10":{"start":{"line":22,"column":0},"end":{"line":27,"column":null}},"11":{"start":{"line":23,"column":4},"end":{"line":23,"column":54}},"12":{"start":{"line":24,"column":4},"end":{"line":24,"column":83}},"13":{"start":{"line":25,"column":4},"end":{"line":25,"column":81}},"14":{"start":{"line":26,"column":4},"end":{"line":26,"column":11}},"15":{"start":{"line":30,"column":0},"end":{"line":32,"column":3}},"16":{"start":{"line":30,"column":57},"end":{"line":32,"column":2}},"17":{"start":{"line":31,"column":4},"end":{"line":31,"column":52}},"18":{"start":{"line":34,"column":0},"end":{"line":34,"column":43}},"19":{"start":{"line":35,"column":0},"end":{"line":35,"column":43}},"20":{"start":{"line":36,"column":0},"end":{"line":36,"column":33}},"21":{"start":{"line":42,"column":16},"end":{"line":64,"column":null}},"22":{"start":{"line":65,"column":14},"end":{"line":65,"column":35}},"23":{"start":{"line":67,"column":0},"end":{"line":67,"column":62}},"24":{"start":{"line":69,"column":0},"end":{"line":76,"column":null}},"25":{"start":{"line":71,"column":8},"end":{"line":71,"column":42}},"26":{"start":{"line":74,"column":8},"end":{"line":74,"column":25}},"27":{"start":{"line":78,"column":20},"end":{"line":83,"column":1}},"28":{"start":{"line":79,"column":17},"end":{"line":79,"column":41}},"29":{"start":{"line":80,"column":4},"end":{"line":82,"column":7}},"30":{"start":{"line":81,"column":8},"end":{"line":81,"column":59}},"31":{"start":{"line":85,"column":0},"end":{"line":87,"column":1}},"32":{"start":{"line":86,"column":4},"end":{"line":86,"column":18}}},"fnMap":{"0":{"name":"(anonymous_8)","decl":{"start":{"line":22,"column":8},"end":{"line":22,"column":9}},"loc":{"start":{"line":22,"column":27},"end":{"line":27,"column":1}}},"1":{"name":"(anonymous_9)","decl":{"start":{"line":30,"column":19},"end":{"line":30,"column":26}},"loc":{"start":{"line":30,"column":57},"end":{"line":32,"column":2}}},"2":{"name":"(anonymous_10)","decl":{"start":{"line":30,"column":57},"end":{"line":30,"column":null}},"loc":{"start":{"line":30,"column":57},"end":{"line":32,"column":1}}},"3":{"name":"(anonymous_11)","decl":{"start":{"line":70,"column":10},"end":{"line":70,"column":13}},"loc":{"start":{"line":70,"column":15},"end":{"line":72,"column":5}}},"4":{"name":"(anonymous_12)","decl":{"start":{"line":73,"column":11},"end":{"line":73,"column":14}},"loc":{"start":{"line":73,"column":17},"end":{"line":76,"column":5}}},"5":{"name":"(anonymous_13)","decl":{"start":{"line":78,"column":20},"end":{"line":78,"column":23}},"loc":{"start":{"line":78,"column":25},"end":{"line":83,"column":1}}},"6":{"name":"(anonymous_14)","decl":{"start":{"line":80,"column":21},"end":{"line":80,"column":24}},"loc":{"start":{"line":80,"column":26},"end":{"line":82,"column":5}}}},"branchMap":{"0":{"loc":{"start":{"line":79,"column":17},"end":{"line":79,"column":41}},"type":"binary-expr","locations":[{"start":{"line":79,"column":17},"end":{"line":79,"column":33}},{"start":{"line":79,"column":37},"end":{"line":79,"column":41}}]},"1":{"loc":{"start":{"line":85,"column":0},"end":{"line":87,"column":1}},"type":"if","locations":[{"start":{"line":85,"column":0},"end":{"line":87,"column":1}}]}},"s":{"0":1,"1":1,"2":1,"3":1,"4":1,"5":1,"6":1,"7":1,"8":1,"9":1,"10":1,"11":60,"12":60,"13":60,"14":60,"15":1,"16":0,"17":0,"18":1,"19":1,"20":1,"21":1,"22":1,"23":1,"24":1,"25":1,"26":0,"27":1,"28":0,"29":0,"30":0,"31":1,"32":0},"f":{"0":60,"1":0,"2":0,"3":1,"4":0,"5":0,"6":0},"b":{"0":[0,0],"1":[0]}}
,"/home/iad-ubuntu/Desktop/Andela/my-brand-aimedivin/my-brand-aimedivin-backend/src/controllers/auth.ts": {"path":"/home/iad-ubuntu/Desktop/Andela/my-brand-aimedivin/my-brand-aimedivin-backend/src/controllers/auth.ts","statementMap":{"0":{"start":{"line":2,"column":0},"end":{"line":2,"column":52}},"1":{"start":{"line":3,"column":0},"end":{"line":3,"column":30}},"2":{"start":{"line":4,"column":0},"end":{"line":4,"column":22}},"3":{"start":{"line":7,"column":0},"end":{"line":7,"column":29}},"4":{"start":{"line":8,"column":0},"end":{"line":8,"column":33}},"5":{"start":{"line":9,"column":0},"end":{"line":9,"column":59}},"6":{"start":{"line":10,"column":0},"end":{"line":10,"column":41}},"7":{"start":{"line":12,"column":0},"end":{"line":12,"column":42}},"8":{"start":{"line":15,"column":4},"end":{"line":63,"column":6}},"9":{"start":{"line":15,"column":52},"end":{"line":63,"column":6}},"10":{"start":{"line":16,"column":8},"end":{"line":62,"column":9}},"11":{"start":{"line":17,"column":35},"end":{"line":17,"column":96}},"12":{"start":{"line":19,"column":25},"end":{"line":19,"column":38}},"13":{"start":{"line":20,"column":26},"end":{"line":20,"column":40}},"14":{"start":{"line":21,"column":24},"end":{"line":21,"column":36}},"15":{"start":{"line":22,"column":26},"end":{"line":22,"column":40}},"16":{"start":{"line":23,"column":29},"end":{"line":23,"column":46}},"17":{"start":{"line":25,"column":27},"end":{"line":25,"column":56}},"18":{"start":{"line":26,"column":12},"end":{"line":28,"column":13}},"19":{"start":{"line":27,"column":16},"end":{"line":27,"column":81}},"20":{"start":{"line":29,"column":35},"end":{"line":29,"column":66}},"21":{"start":{"line":31,"column":12},"end":{"line":48,"column":13}},"22":{"start":{"line":32,"column":29},"end":{"line":38,"column":18}},"23":{"start":{"line":40,"column":16},"end":{"line":47,"column":17}},"24":{"start":{"line":41,"column":42},"end":{"line":41,"column":88}},"25":{"start":{"line":42,"column":20},"end":{"line":46,"column":null}},"26":{"start":{"line":51,"column":12},"end":{"line":61,"column":13}},"27":{"start":{"line":52,"column":16},"end":{"line":52,"column":74}},"28":{"start":{"line":54,"column":17},"end":{"line":61,"column":13}},"29":{"start":{"line":55,"column":16},"end":{"line":57,"column":null}},"30":{"start":{"line":60,"column":16},"end":{"line":60,"column":66}},"31":{"start":{"line":65,"column":4},"end":{"line":101,"column":null}},"32":{"start":{"line":65,"column":47},"end":{"line":101,"column":null}},"33":{"start":{"line":66,"column":8},"end":{"line":100,"column":9}},"34":{"start":{"line":67,"column":26},"end":{"line":67,"column":40}},"35":{"start":{"line":68,"column":29},"end":{"line":68,"column":46}},"36":{"start":{"line":69,"column":25},"end":{"line":69,"column":61}},"37":{"start":{"line":71,"column":12},"end":{"line":74,"column":13}},"38":{"start":{"line":72,"column":30},"end":{"line":72,"column":91}},"39":{"start":{"line":73,"column":16},"end":{"line":73,"column":28}},"40":{"start":{"line":75,"column":38},"end":{"line":75,"column":83}},"41":{"start":{"line":77,"column":12},"end":{"line":80,"column":13}},"42":{"start":{"line":78,"column":30},"end":{"line":78,"column":91}},"43":{"start":{"line":79,"column":16},"end":{"line":79,"column":28}},"44":{"start":{"line":81,"column":26},"end":{"line":86,"column":null}},"45":{"start":{"line":89,"column":12},"end":{"line":93,"column":null}},"46":{"start":{"line":95,"column":12},"end":{"line":99,"column":13}},"47":{"start":{"line":96,"column":16},"end":{"line":96,"column":74}},"48":{"start":{"line":98,"column":16},"end":{"line":98,"column":66}},"49":{"start":{"line":103,"column":4},"end":{"line":146,"column":null}},"50":{"start":{"line":103,"column":52},"end":{"line":146,"column":null}},"51":{"start":{"line":104,"column":8},"end":{"line":145,"column":9}},"52":{"start":{"line":105,"column":25},"end":{"line":105,"column":38}},"53":{"start":{"line":106,"column":26},"end":{"line":106,"column":40}},"54":{"start":{"line":107,"column":24},"end":{"line":107,"column":36}},"55":{"start":{"line":108,"column":32},"end":{"line":108,"column":49}},"56":{"start":{"line":109,"column":27},"end":{"line":109,"column":37}},"57":{"start":{"line":110,"column":35},"end":{"line":110,"column":56}},"58":{"start":{"line":112,"column":12},"end":{"line":114,"column":13}},"59":{"start":{"line":113,"column":16},"end":{"line":113,"column":76}},"60":{"start":{"line":116,"column":12},"end":{"line":119,"column":13}},"61":{"start":{"line":117,"column":30},"end":{"line":117,"column":68}},"62":{"start":{"line":118,"column":16},"end":{"line":118,"column":28}},"63":{"start":{"line":121,"column":12},"end":{"line":124,"column":13}},"64":{"start":{"line":122,"column":30},"end":{"line":122,"column":85}},"65":{"start":{"line":123,"column":16},"end":{"line":123,"column":28}},"66":{"start":{"line":126,"column":36},"end":{"line":126,"column":137}},"67":{"start":{"line":132,"column":12},"end":{"line":136,"column":null}},"68":{"start":{"line":140,"column":12},"end":{"line":144,"column":13}},"69":{"start":{"line":141,"column":16},"end":{"line":141,"column":74}},"70":{"start":{"line":143,"column":16},"end":{"line":143,"column":66}},"71":{"start":{"line":14,"column":0},"end":{"line":14,"column":13}}},"fnMap":{"0":{"name":"(anonymous_8)","decl":{"start":{"line":14,"column":0},"end":{"line":14,"column":13}},"loc":{"start":{"line":14,"column":0},"end":{"line":147,"column":1}}},"1":{"name":"(anonymous_9)","decl":{"start":{"line":15,"column":33},"end":{"line":15,"column":40}},"loc":{"start":{"line":15,"column":52},"end":{"line":63,"column":6}}},"2":{"name":"(anonymous_10)","decl":{"start":{"line":15,"column":52},"end":{"line":15,"column":null}},"loc":{"start":{"line":15,"column":52},"end":{"line":63,"column":5}}},"3":{"name":"(anonymous_11)","decl":{"start":{"line":65,"column":28},"end":{"line":65,"column":35}},"loc":{"start":{"line":65,"column":47},"end":{"line":101,"column":null}}},"4":{"name":"(anonymous_12)","decl":{"start":{"line":65,"column":47},"end":{"line":65,"column":null}},"loc":{"start":{"line":65,"column":47},"end":{"line":101,"column":5}}},"5":{"name":"(anonymous_13)","decl":{"start":{"line":103,"column":33},"end":{"line":103,"column":40}},"loc":{"start":{"line":103,"column":52},"end":{"line":146,"column":null}}},"6":{"name":"(anonymous_14)","decl":{"start":{"line":103,"column":52},"end":{"line":103,"column":null}},"loc":{"start":{"line":103,"column":52},"end":{"line":146,"column":5}}}},"branchMap":{"0":{"loc":{"start":{"line":26,"column":12},"end":{"line":28,"column":13}},"type":"if","locations":[{"start":{"line":26,"column":12},"end":{"line":28,"column":13}}]},"1":{"loc":{"start":{"line":31,"column":12},"end":{"line":48,"column":13}},"type":"if","locations":[{"start":{"line":31,"column":12},"end":{"line":48,"column":13}}]},"2":{"loc":{"start":{"line":40,"column":16},"end":{"line":47,"column":17}},"type":"if","locations":[{"start":{"line":40,"column":16},"end":{"line":47,"column":17}}]},"3":{"loc":{"start":{"line":51,"column":12},"end":{"line":61,"column":13}},"type":"if","locations":[{"start":{"line":51,"column":12},"end":{"line":61,"column":13}},{"start":{"line":54,"column":17},"end":{"line":61,"column":13}}]},"4":{"loc":{"start":{"line":54,"column":17},"end":{"line":61,"column":13}},"type":"if","locations":[{"start":{"line":54,"column":17},"end":{"line":61,"column":13}},{"start":{"line":59,"column":17},"end":{"line":61,"column":13}}]},"5":{"loc":{"start":{"line":71,"column":12},"end":{"line":74,"column":13}},"type":"if","locations":[{"start":{"line":71,"column":12},"end":{"line":74,"column":13}}]},"6":{"loc":{"start":{"line":77,"column":12},"end":{"line":80,"column":13}},"type":"if","locations":[{"start":{"line":77,"column":12},"end":{"line":80,"column":13}}]},"7":{"loc":{"start":{"line":95,"column":12},"end":{"line":99,"column":13}},"type":"if","locations":[{"start":{"line":95,"column":12},"end":{"line":99,"column":13}},{"start":{"line":97,"column":19},"end":{"line":99,"column":13}}]},"8":{"loc":{"start":{"line":112,"column":12},"end":{"line":114,"column":13}},"type":"if","locations":[{"start":{"line":112,"column":12},"end":{"line":114,"column":13}}]},"9":{"loc":{"start":{"line":116,"column":12},"end":{"line":119,"column":13}},"type":"if","locations":[{"start":{"line":116,"column":12},"end":{"line":119,"column":13}}]},"10":{"loc":{"start":{"line":121,"column":12},"end":{"line":124,"column":13}},"type":"if","locations":[{"start":{"line":121,"column":12},"end":{"line":124,"column":13}}]},"11":{"loc":{"start":{"line":140,"column":12},"end":{"line":144,"column":13}},"type":"if","locations":[{"start":{"line":140,"column":12},"end":{"line":144,"column":13}},{"start":{"line":142,"column":19},"end":{"line":144,"column":13}}]}},"s":{"0":1,"1":1,"2":1,"3":1,"4":1,"5":1,"6":1,"7":1,"8":1,"9":3,"10":3,"11":3,"12":2,"13":2,"14":2,"15":2,"16":2,"17":2,"18":2,"19":1,"20":1,"21":1,"22":1,"23":1,"24":1,"25":1,"26":1,"27":0,"28":1,"29":1,"30":0,"31":1,"32":3,"33":3,"34":3,"35":3,"36":3,"37":3,"38":1,"39":1,"40":2,"41":2,"42":1,"43":1,"44":1,"45":1,"46":2,"47":2,"48":0,"49":1,"50":4,"51":4,"52":4,"53":4,"54":4,"55":4,"56":4,"57":4,"58":4,"59":1,"60":3,"61":1,"62":1,"63":2,"64":1,"65":1,"66":1,"67":1,"68":2,"69":2,"70":0,"71":1},"f":{"0":1,"1":3,"2":3,"3":3,"4":3,"5":4,"6":4},"b":{"0":[1],"1":[1],"2":[1],"3":[0,1],"4":[1,0],"5":[1],"6":[1],"7":[2,0],"8":[1],"9":[1],"10":[1],"11":[2,0]}}
,"/home/iad-ubuntu/Desktop/Andela/my-brand-aimedivin/my-brand-aimedivin-backend/src/controllers/dashboard.ts": {"path":"/home/iad-ubuntu/Desktop/Andela/my-brand-aimedivin/my-brand-aimedivin-backend/src/controllers/dashboard.ts","statementMap":{"0":{"start":{"line":2,"column":0},"end":{"line":2,"column":52}},"1":{"start":{"line":3,"column":0},"end":{"line":3,"column":33}},"2":{"start":{"line":4,"column":0},"end":{"line":4,"column":50}},"3":{"start":{"line":5,"column":0},"end":{"line":5,"column":33}},"4":{"start":{"line":6,"column":0},"end":{"line":6,"column":39}},"5":{"start":{"line":7,"column":0},"end":{"line":7,"column":39}},"6":{"start":{"line":14,"column":8},"end":{"line":14,"column":null}},"7":{"start":{"line":15,"column":8},"end":{"line":15,"column":null}},"8":{"start":{"line":10,"column":0},"end":{"line":10,"column":13}},"9":{"start":{"line":21,"column":4},"end":{"line":36,"column":6}},"10":{"start":{"line":21,"column":50},"end":{"line":36,"column":6}},"11":{"start":{"line":22,"column":8},"end":{"line":35,"column":9}},"12":{"start":{"line":23,"column":26},"end":{"line":23,"column":43}},"13":{"start":{"line":25,"column":12},"end":{"line":29,"column":19}},"14":{"start":{"line":31,"column":12},"end":{"line":34,"column":null}},"15":{"start":{"line":40,"column":4},"end":{"line":61,"column":null}},"16":{"start":{"line":40,"column":49},"end":{"line":61,"column":null}},"17":{"start":{"line":41,"column":8},"end":{"line":60,"column":9}},"18":{"start":{"line":42,"column":27},"end":{"line":42,"column":44}},"19":{"start":{"line":43,"column":12},"end":{"line":45,"column":13}},"20":{"start":{"line":44,"column":16},"end":{"line":44,"column":76}},"21":{"start":{"line":46,"column":25},"end":{"line":46,"column":52}},"22":{"start":{"line":47,"column":12},"end":{"line":52,"column":23}},"23":{"start":{"line":48,"column":16},"end":{"line":52,"column":23}},"24":{"start":{"line":53,"column":12},"end":{"line":56,"column":19}},"25":{"start":{"line":58,"column":12},"end":{"line":58,"column":null}},"26":{"start":{"line":59,"column":12},"end":{"line":59,"column":29}},"27":{"start":{"line":64,"column":4},"end":{"line":128,"column":null}},"28":{"start":{"line":64,"column":52},"end":{"line":128,"column":null}},"29":{"start":{"line":65,"column":8},"end":{"line":127,"column":9}},"30":{"start":{"line":66,"column":35},"end":{"line":66,"column":52}},"31":{"start":{"line":68,"column":12},"end":{"line":70,"column":13}},"32":{"start":{"line":69,"column":16},"end":{"line":69,"column":76}},"33":{"start":{"line":72,"column":36},"end":{"line":72,"column":57}},"34":{"start":{"line":74,"column":12},"end":{"line":77,"column":13}},"35":{"start":{"line":75,"column":30},"end":{"line":75,"column":85}},"36":{"start":{"line":76,"column":16},"end":{"line":76,"column":28}},"37":{"start":{"line":79,"column":37},"end":{"line":79,"column":51}},"38":{"start":{"line":80,"column":43},"end":{"line":80,"column":63}},"39":{"start":{"line":81,"column":40},"end":{"line":81,"column":57}},"40":{"start":{"line":84,"column":33},"end":{"line":95,"column":14}},"41":{"start":{"line":97,"column":12},"end":{"line":101,"column":23}},"42":{"start":{"line":98,"column":16},"end":{"line":101,"column":23}},"43":{"start":{"line":103,"column":25},"end":{"line":103,"column":52}},"44":{"start":{"line":105,"column":12},"end":{"line":116,"column":13}},"45":{"start":{"line":106,"column":16},"end":{"line":106,"column":38}},"46":{"start":{"line":107,"column":16},"end":{"line":107,"column":50}},"47":{"start":{"line":108,"column":16},"end":{"line":108,"column":44}},"48":{"start":{"line":110,"column":16},"end":{"line":110,"column":null}},"49":{"start":{"line":111,"column":16},"end":{"line":115,"column":23}},"50":{"start":{"line":117,"column":12},"end":{"line":120,"column":null}},"51":{"start":{"line":122,"column":12},"end":{"line":126,"column":13}},"52":{"start":{"line":123,"column":16},"end":{"line":123,"column":74}},"53":{"start":{"line":125,"column":16},"end":{"line":125,"column":66}},"54":{"start":{"line":132,"column":4},"end":{"line":184,"column":6}},"55":{"start":{"line":132,"column":50},"end":{"line":184,"column":6}},"56":{"start":{"line":133,"column":8},"end":{"line":183,"column":9}},"57":{"start":{"line":134,"column":36},"end":{"line":134,"column":57}},"58":{"start":{"line":136,"column":12},"end":{"line":140,"column":13}},"59":{"start":{"line":137,"column":30},"end":{"line":137,"column":85}},"60":{"start":{"line":139,"column":16},"end":{"line":139,"column":28}},"61":{"start":{"line":141,"column":53},"end":{"line":141,"column":61}},"62":{"start":{"line":144,"column":33},"end":{"line":154,"column":14}},"63":{"start":{"line":156,"column":12},"end":{"line":160,"column":19}},"64":{"start":{"line":156,"column":30},"end":{"line":160,"column":19}},"65":{"start":{"line":162,"column":28},"end":{"line":167,"column":null}},"66":{"start":{"line":169,"column":12},"end":{"line":169,"column":33}},"67":{"start":{"line":171,"column":12},"end":{"line":175,"column":19}},"68":{"start":{"line":178,"column":12},"end":{"line":182,"column":13}},"69":{"start":{"line":179,"column":16},"end":{"line":179,"column":74}},"70":{"start":{"line":181,"column":16},"end":{"line":181,"column":39}},"71":{"start":{"line":187,"column":4},"end":{"line":214,"column":null}},"72":{"start":{"line":187,"column":52},"end":{"line":214,"column":null}},"73":{"start":{"line":188,"column":23},"end":{"line":188,"column":40}},"74":{"start":{"line":189,"column":23},"end":{"line":189,"column":33}},"75":{"start":{"line":191,"column":8},"end":{"line":193,"column":9}},"76":{"start":{"line":192,"column":12},"end":{"line":192,"column":72}},"77":{"start":{"line":195,"column":8},"end":{"line":213,"column":9}},"78":{"start":{"line":196,"column":27},"end":{"line":196,"column":63}},"79":{"start":{"line":197,"column":12},"end":{"line":204,"column":13}},"80":{"start":{"line":198,"column":37},"end":{"line":198,"column":81}},"81":{"start":{"line":200,"column":16},"end":{"line":203,"column":23}},"82":{"start":{"line":205,"column":12},"end":{"line":208,"column":19}},"83":{"start":{"line":210,"column":12},"end":{"line":211,"column":51}},"84":{"start":{"line":218,"column":4},"end":{"line":234,"column":null}},"85":{"start":{"line":218,"column":50},"end":{"line":234,"column":null}},"86":{"start":{"line":219,"column":8},"end":{"line":233,"column":9}},"87":{"start":{"line":220,"column":26},"end":{"line":220,"column":43}},"88":{"start":{"line":221,"column":12},"end":{"line":227,"column":13}},"89":{"start":{"line":222,"column":16},"end":{"line":226,"column":null}},"90":{"start":{"line":229,"column":12},"end":{"line":232,"column":null}},"91":{"start":{"line":237,"column":4},"end":{"line":252,"column":null}},"92":{"start":{"line":237,"column":53},"end":{"line":252,"column":null}},"93":{"start":{"line":238,"column":8},"end":{"line":251,"column":9}},"94":{"start":{"line":239,"column":29},"end":{"line":239,"column":49}},"95":{"start":{"line":241,"column":12},"end":{"line":245,"column":19}},"96":{"start":{"line":247,"column":12},"end":{"line":250,"column":null}},"97":{"start":{"line":255,"column":4},"end":{"line":278,"column":null}},"98":{"start":{"line":255,"column":52},"end":{"line":278,"column":null}},"99":{"start":{"line":256,"column":8},"end":{"line":277,"column":9}},"100":{"start":{"line":257,"column":26},"end":{"line":257,"column":42}},"101":{"start":{"line":258,"column":12},"end":{"line":260,"column":13}},"102":{"start":{"line":259,"column":16},"end":{"line":259,"column":79}},"103":{"start":{"line":261,"column":28},"end":{"line":261,"column":57}},"104":{"start":{"line":262,"column":12},"end":{"line":267,"column":23}},"105":{"start":{"line":263,"column":16},"end":{"line":267,"column":23}},"106":{"start":{"line":268,"column":12},"end":{"line":271,"column":19}},"107":{"start":{"line":273,"column":12},"end":{"line":276,"column":null}},"108":{"start":{"line":19,"column":0},"end":{"line":19,"column":13}}},"fnMap":{"0":{"name":"(anonymous_8)","decl":{"start":{"line":13,"column":4},"end":{"line":13,"column":16}},"loc":{"start":{"line":13,"column":51},"end":{"line":16,"column":5}}},"1":{"name":"(anonymous_9)","decl":{"start":{"line":19,"column":0},"end":{"line":19,"column":13}},"loc":{"start":{"line":19,"column":0},"end":{"line":279,"column":1}}},"2":{"name":"(anonymous_10)","decl":{"start":{"line":21,"column":31},"end":{"line":21,"column":38}},"loc":{"start":{"line":21,"column":50},"end":{"line":36,"column":6}}},"3":{"name":"(anonymous_11)","decl":{"start":{"line":21,"column":50},"end":{"line":21,"column":null}},"loc":{"start":{"line":21,"column":50},"end":{"line":36,"column":5}}},"4":{"name":"(anonymous_12)","decl":{"start":{"line":40,"column":30},"end":{"line":40,"column":37}},"loc":{"start":{"line":40,"column":49},"end":{"line":61,"column":null}}},"5":{"name":"(anonymous_13)","decl":{"start":{"line":40,"column":49},"end":{"line":40,"column":null}},"loc":{"start":{"line":40,"column":49},"end":{"line":61,"column":5}}},"6":{"name":"(anonymous_14)","decl":{"start":{"line":64,"column":33},"end":{"line":64,"column":40}},"loc":{"start":{"line":64,"column":52},"end":{"line":128,"column":null}}},"7":{"name":"(anonymous_15)","decl":{"start":{"line":64,"column":52},"end":{"line":64,"column":null}},"loc":{"start":{"line":64,"column":52},"end":{"line":128,"column":5}}},"8":{"name":"(anonymous_16)","decl":{"start":{"line":132,"column":31},"end":{"line":132,"column":38}},"loc":{"start":{"line":132,"column":50},"end":{"line":184,"column":6}}},"9":{"name":"(anonymous_17)","decl":{"start":{"line":132,"column":50},"end":{"line":132,"column":null}},"loc":{"start":{"line":132,"column":50},"end":{"line":184,"column":5}}},"10":{"name":"(anonymous_18)","decl":{"start":{"line":187,"column":33},"end":{"line":187,"column":40}},"loc":{"start":{"line":187,"column":52},"end":{"line":214,"column":null}}},"11":{"name":"(anonymous_19)","decl":{"start":{"line":187,"column":52},"end":{"line":187,"column":null}},"loc":{"start":{"line":187,"column":52},"end":{"line":214,"column":5}}},"12":{"name":"(anonymous_20)","decl":{"start":{"line":218,"column":31},"end":{"line":218,"column":38}},"loc":{"start":{"line":218,"column":50},"end":{"line":234,"column":null}}},"13":{"name":"(anonymous_21)","decl":{"start":{"line":218,"column":50},"end":{"line":218,"column":null}},"loc":{"start":{"line":218,"column":50},"end":{"line":234,"column":5}}},"14":{"name":"(anonymous_22)","decl":{"start":{"line":237,"column":34},"end":{"line":237,"column":41}},"loc":{"start":{"line":237,"column":53},"end":{"line":252,"column":null}}},"15":{"name":"(anonymous_23)","decl":{"start":{"line":237,"column":53},"end":{"line":237,"column":null}},"loc":{"start":{"line":237,"column":53},"end":{"line":252,"column":5}}},"16":{"name":"(anonymous_24)","decl":{"start":{"line":255,"column":33},"end":{"line":255,"column":40}},"loc":{"start":{"line":255,"column":52},"end":{"line":278,"column":null}}},"17":{"name":"(anonymous_25)","decl":{"start":{"line":255,"column":52},"end":{"line":255,"column":null}},"loc":{"start":{"line":255,"column":52},"end":{"line":278,"column":5}}}},"branchMap":{"0":{"loc":{"start":{"line":43,"column":12},"end":{"line":45,"column":13}},"type":"if","locations":[{"start":{"line":43,"column":12},"end":{"line":45,"column":13}}]},"1":{"loc":{"start":{"line":47,"column":12},"end":{"line":52,"column":23}},"type":"if","locations":[{"start":{"line":47,"column":12},"end":{"line":52,"column":23}}]},"2":{"loc":{"start":{"line":68,"column":12},"end":{"line":70,"column":13}},"type":"if","locations":[{"start":{"line":68,"column":12},"end":{"line":70,"column":13}}]},"3":{"loc":{"start":{"line":74,"column":12},"end":{"line":77,"column":13}},"type":"if","locations":[{"start":{"line":74,"column":12},"end":{"line":77,"column":13}}]},"4":{"loc":{"start":{"line":97,"column":12},"end":{"line":101,"column":23}},"type":"if","locations":[{"start":{"line":97,"column":12},"end":{"line":101,"column":23}}]},"5":{"loc":{"start":{"line":105,"column":12},"end":{"line":116,"column":13}},"type":"if","locations":[{"start":{"line":105,"column":12},"end":{"line":116,"column":13}}]},"6":{"loc":{"start":{"line":122,"column":12},"end":{"line":126,"column":13}},"type":"if","locations":[{"start":{"line":122,"column":12},"end":{"line":126,"column":13}},{"start":{"line":124,"column":19},"end":{"line":126,"column":13}}]},"7":{"loc":{"start":{"line":136,"column":12},"end":{"line":140,"column":13}},"type":"if","locations":[{"start":{"line":136,"column":12},"end":{"line":140,"column":13}}]},"8":{"loc":{"start":{"line":156,"column":12},"end":{"line":160,"column":19}},"type":"if","locations":[{"start":{"line":156,"column":12},"end":{"line":160,"column":19}}]},"9":{"loc":{"start":{"line":178,"column":12},"end":{"line":182,"column":13}},"type":"if","locations":[{"start":{"line":178,"column":12},"end":{"line":182,"column":13}},{"start":{"line":180,"column":19},"end":{"line":182,"column":13}}]},"10":{"loc":{"start":{"line":191,"column":8},"end":{"line":193,"column":9}},"type":"if","locations":[{"start":{"line":191,"column":8},"end":{"line":193,"column":9}}]},"11":{"loc":{"start":{"line":197,"column":12},"end":{"line":204,"column":13}},"type":"if","locations":[{"start":{"line":197,"column":12},"end":{"line":204,"column":13}}]},"12":{"loc":{"start":{"line":221,"column":12},"end":{"line":227,"column":13}},"type":"if","locations":[{"start":{"line":221,"column":12},"end":{"line":227,"column":13}}]},"13":{"loc":{"start":{"line":258,"column":12},"end":{"line":260,"column":13}},"type":"if","locations":[{"start":{"line":258,"column":12},"end":{"line":260,"column":13}}]},"14":{"loc":{"start":{"line":262,"column":12},"end":{"line":267,"column":23}},"type":"if","locations":[{"start":{"line":262,"column":12},"end":{"line":267,"column":23}}]}},"s":{"0":1,"1":1,"2":1,"3":1,"4":1,"5":1,"6":20,"7":20,"8":1,"9":1,"10":1,"11":1,"12":1,"13":1,"14":0,"15":1,"16":3,"17":3,"18":3,"19":3,"20":1,"21":2,"22":2,"23":1,"24":1,"25":0,"26":0,"27":1,"28":5,"29":5,"30":5,"31":5,"32":1,"33":4,"34":4,"35":1,"36":1,"37":3,"38":3,"39":3,"40":3,"41":3,"42":1,"43":2,"44":2,"45":1,"46":1,"47":1,"48":1,"49":1,"50":1,"51":1,"52":1,"53":0,"54":1,"55":3,"56":3,"57":3,"58":3,"59":1,"60":1,"61":2,"62":2,"63":2,"64":1,"65":1,"66":1,"67":1,"68":1,"69":1,"70":0,"71":1,"72":3,"73":3,"74":3,"75":3,"76":1,"77":2,"78":2,"79":2,"80":1,"81":1,"82":1,"83":0,"84":1,"85":1,"86":1,"87":1,"88":1,"89":1,"90":0,"91":1,"92":1,"93":1,"94":1,"95":1,"96":0,"97":1,"98":3,"99":3,"100":3,"101":3,"102":1,"103":2,"104":2,"105":1,"106":1,"107":0,"108":1},"f":{"0":20,"1":1,"2":1,"3":1,"4":3,"5":3,"6":5,"7":5,"8":3,"9":3,"10":3,"11":3,"12":1,"13":1,"14":1,"15":1,"16":3,"17":3},"b":{"0":[1],"1":[1],"2":[1],"3":[1],"4":[1],"5":[1],"6":[1,0],"7":[1],"8":[1],"9":[1,0],"10":[1],"11":[1],"12":[1],"13":[1],"14":[1]}}
,"/home/iad-ubuntu/Desktop/Andela/my-brand-aimedivin/my-brand-aimedivin-backend/src/controllers/portfolio.ts": {"path":"/home/iad-ubuntu/Desktop/Andela/my-brand-aimedivin/my-brand-aimedivin-backend/src/controllers/portfolio.ts","statementMap":{"0":{"start":{"line":3,"column":0},"end":{"line":3,"column":33}},"1":{"start":{"line":4,"column":0},"end":{"line":4,"column":39}},"2":{"start":{"line":5,"column":0},"end":{"line":5,"column":39}},"3":{"start":{"line":7,"column":0},"end":{"line":7,"column":42}},"4":{"start":{"line":8,"column":0},"end":{"line":8,"column":33}},"5":{"start":{"line":9,"column":0},"end":{"line":9,"column":53}},"6":{"start":{"line":12,"column":4},"end":{"line":27,"column":6}},"7":{"start":{"line":12,"column":50},"end":{"line":27,"column":6}},"8":{"start":{"line":13,"column":8},"end":{"line":26,"column":9}},"9":{"start":{"line":14,"column":26},"end":{"line":14,"column":43}},"10":{"start":{"line":16,"column":12},"end":{"line":20,"column":19}},"11":{"start":{"line":22,"column":12},"end":{"line":25,"column":null}},"12":{"start":{"line":30,"column":4},"end":{"line":54,"column":null}},"13":{"start":{"line":30,"column":49},"end":{"line":54,"column":null}},"14":{"start":{"line":31,"column":8},"end":{"line":53,"column":9}},"15":{"start":{"line":32,"column":27},"end":{"line":32,"column":44}},"16":{"start":{"line":34,"column":12},"end":{"line":36,"column":13}},"17":{"start":{"line":35,"column":16},"end":{"line":35,"column":76}},"18":{"start":{"line":38,"column":25},"end":{"line":38,"column":52}},"19":{"start":{"line":40,"column":12},"end":{"line":46,"column":13}},"20":{"start":{"line":41,"column":16},"end":{"line":45,"column":23}},"21":{"start":{"line":47,"column":12},"end":{"line":50,"column":19}},"22":{"start":{"line":52,"column":12},"end":{"line":52,"column":null}},"23":{"start":{"line":57,"column":4},"end":{"line":83,"column":null}},"24":{"start":{"line":57,"column":53},"end":{"line":83,"column":null}},"25":{"start":{"line":58,"column":8},"end":{"line":82,"column":9}},"26":{"start":{"line":59,"column":27},"end":{"line":59,"column":44}},"27":{"start":{"line":61,"column":12},"end":{"line":63,"column":13}},"28":{"start":{"line":62,"column":16},"end":{"line":62,"column":76}},"29":{"start":{"line":65,"column":33},"end":{"line":65,"column":63}},"30":{"start":{"line":67,"column":12},"end":{"line":70,"column":13}},"31":{"start":{"line":68,"column":30},"end":{"line":68,"column":68}},"32":{"start":{"line":69,"column":16},"end":{"line":69,"column":28}},"33":{"start":{"line":71,"column":12},"end":{"line":75,"column":null}},"34":{"start":{"line":77,"column":12},"end":{"line":81,"column":13}},"35":{"start":{"line":78,"column":16},"end":{"line":78,"column":74}},"36":{"start":{"line":80,"column":16},"end":{"line":80,"column":78}},"37":{"start":{"line":85,"column":4},"end":{"line":128,"column":null}},"38":{"start":{"line":85,"column":53},"end":{"line":128,"column":null}},"39":{"start":{"line":86,"column":8},"end":{"line":127,"column":9}},"40":{"start":{"line":88,"column":36},"end":{"line":88,"column":44}},"41":{"start":{"line":89,"column":27},"end":{"line":89,"column":44}},"42":{"start":{"line":90,"column":27},"end":{"line":90,"column":37}},"43":{"start":{"line":92,"column":12},"end":{"line":94,"column":13}},"44":{"start":{"line":93,"column":16},"end":{"line":93,"column":76}},"45":{"start":{"line":97,"column":25},"end":{"line":97,"column":52}},"46":{"start":{"line":98,"column":12},"end":{"line":101,"column":13}},"47":{"start":{"line":99,"column":30},"end":{"line":99,"column":68}},"48":{"start":{"line":100,"column":16},"end":{"line":100,"column":28}},"49":{"start":{"line":103,"column":12},"end":{"line":103,"column":68}},"50":{"start":{"line":104,"column":12},"end":{"line":104,"column":30}},"51":{"start":{"line":106,"column":31},"end":{"line":111,"column":null}},"52":{"start":{"line":113,"column":12},"end":{"line":113,"column":36}},"53":{"start":{"line":115,"column":12},"end":{"line":119,"column":19}},"54":{"start":{"line":122,"column":12},"end":{"line":126,"column":13}},"55":{"start":{"line":123,"column":16},"end":{"line":123,"column":74}},"56":{"start":{"line":125,"column":16},"end":{"line":125,"column":73}},"57":{"start":{"line":132,"column":4},"end":{"line":169,"column":null}},"58":{"start":{"line":132,"column":50},"end":{"line":169,"column":null}},"59":{"start":{"line":133,"column":8},"end":{"line":168,"column":9}},"60":{"start":{"line":134,"column":27},"end":{"line":134,"column":44}},"61":{"start":{"line":135,"column":27},"end":{"line":135,"column":37}},"62":{"start":{"line":137,"column":12},"end":{"line":139,"column":13}},"63":{"start":{"line":138,"column":16},"end":{"line":138,"column":76}},"64":{"start":{"line":142,"column":25},"end":{"line":142,"column":52}},"65":{"start":{"line":143,"column":12},"end":{"line":146,"column":13}},"66":{"start":{"line":144,"column":30},"end":{"line":144,"column":78}},"67":{"start":{"line":145,"column":16},"end":{"line":145,"column":28}},"68":{"start":{"line":148,"column":29},"end":{"line":148,"column":67}},"69":{"start":{"line":149,"column":12},"end":{"line":158,"column":13}},"70":{"start":{"line":150,"column":36},"end":{"line":150,"column":64}},"71":{"start":{"line":151,"column":16},"end":{"line":151,"column":35}},"72":{"start":{"line":153,"column":16},"end":{"line":153,"column":63}},"73":{"start":{"line":154,"column":16},"end":{"line":154,"column":28}},"74":{"start":{"line":156,"column":16},"end":{"line":157,"column":null}},"75":{"start":{"line":159,"column":12},"end":{"line":160,"column":null}},"76":{"start":{"line":163,"column":12},"end":{"line":167,"column":13}},"77":{"start":{"line":164,"column":16},"end":{"line":164,"column":74}},"78":{"start":{"line":166,"column":16},"end":{"line":166,"column":86}},"79":{"start":{"line":171,"column":4},"end":{"line":205,"column":null}},"80":{"start":{"line":171,"column":52},"end":{"line":205,"column":null}},"81":{"start":{"line":172,"column":8},"end":{"line":204,"column":9}},"82":{"start":{"line":173,"column":27},"end":{"line":173,"column":44}},"83":{"start":{"line":174,"column":27},"end":{"line":174,"column":37}},"84":{"start":{"line":175,"column":12},"end":{"line":177,"column":13}},"85":{"start":{"line":176,"column":16},"end":{"line":176,"column":76}},"86":{"start":{"line":180,"column":25},"end":{"line":180,"column":52}},"87":{"start":{"line":181,"column":12},"end":{"line":184,"column":13}},"88":{"start":{"line":182,"column":30},"end":{"line":182,"column":78}},"89":{"start":{"line":183,"column":16},"end":{"line":183,"column":28}},"90":{"start":{"line":186,"column":29},"end":{"line":186,"column":76}},"91":{"start":{"line":187,"column":12},"end":{"line":190,"column":13}},"92":{"start":{"line":188,"column":30},"end":{"line":188,"column":104}},"93":{"start":{"line":189,"column":16},"end":{"line":189,"column":28}},"94":{"start":{"line":192,"column":12},"end":{"line":192,"column":41}},"95":{"start":{"line":193,"column":12},"end":{"line":193,"column":24}},"96":{"start":{"line":195,"column":12},"end":{"line":196,"column":null}},"97":{"start":{"line":199,"column":12},"end":{"line":203,"column":13}},"98":{"start":{"line":200,"column":16},"end":{"line":200,"column":74}},"99":{"start":{"line":202,"column":16},"end":{"line":202,"column":86}},"100":{"start":{"line":210,"column":4},"end":{"line":222,"column":null}},"101":{"start":{"line":210,"column":53},"end":{"line":222,"column":null}},"102":{"start":{"line":211,"column":48},"end":{"line":211,"column":56}},"103":{"start":{"line":212,"column":8},"end":{"line":221,"column":9}},"104":{"start":{"line":213,"column":31},"end":{"line":213,"column":75}},"105":{"start":{"line":214,"column":12},"end":{"line":214,"column":36}},"106":{"start":{"line":215,"column":12},"end":{"line":215,"column":56}},"107":{"start":{"line":217,"column":12},"end":{"line":220,"column":19}},"108":{"start":{"line":10,"column":0},"end":{"line":10,"column":13}}},"fnMap":{"0":{"name":"(anonymous_8)","decl":{"start":{"line":10,"column":0},"end":{"line":10,"column":13}},"loc":{"start":{"line":10,"column":0},"end":{"line":223,"column":1}}},"1":{"name":"(anonymous_9)","decl":{"start":{"line":12,"column":31},"end":{"line":12,"column":38}},"loc":{"start":{"line":12,"column":50},"end":{"line":27,"column":6}}},"2":{"name":"(anonymous_10)","decl":{"start":{"line":12,"column":50},"end":{"line":12,"column":null}},"loc":{"start":{"line":12,"column":50},"end":{"line":27,"column":5}}},"3":{"name":"(anonymous_11)","decl":{"start":{"line":30,"column":30},"end":{"line":30,"column":37}},"loc":{"start":{"line":30,"column":49},"end":{"line":54,"column":null}}},"4":{"name":"(anonymous_12)","decl":{"start":{"line":30,"column":49},"end":{"line":30,"column":null}},"loc":{"start":{"line":30,"column":49},"end":{"line":54,"column":5}}},"5":{"name":"(anonymous_13)","decl":{"start":{"line":57,"column":34},"end":{"line":57,"column":41}},"loc":{"start":{"line":57,"column":53},"end":{"line":83,"column":null}}},"6":{"name":"(anonymous_14)","decl":{"start":{"line":57,"column":53},"end":{"line":57,"column":null}},"loc":{"start":{"line":57,"column":53},"end":{"line":83,"column":5}}},"7":{"name":"(anonymous_15)","decl":{"start":{"line":85,"column":34},"end":{"line":85,"column":41}},"loc":{"start":{"line":85,"column":53},"end":{"line":128,"column":null}}},"8":{"name":"(anonymous_16)","decl":{"start":{"line":85,"column":53},"end":{"line":85,"column":null}},"loc":{"start":{"line":85,"column":53},"end":{"line":128,"column":5}}},"9":{"name":"(anonymous_17)","decl":{"start":{"line":132,"column":31},"end":{"line":132,"column":38}},"loc":{"start":{"line":132,"column":50},"end":{"line":169,"column":null}}},"10":{"name":"(anonymous_18)","decl":{"start":{"line":132,"column":50},"end":{"line":132,"column":null}},"loc":{"start":{"line":132,"column":50},"end":{"line":169,"column":5}}},"11":{"name":"(anonymous_19)","decl":{"start":{"line":171,"column":33},"end":{"line":171,"column":40}},"loc":{"start":{"line":171,"column":52},"end":{"line":205,"column":null}}},"12":{"name":"(anonymous_20)","decl":{"start":{"line":171,"column":52},"end":{"line":171,"column":null}},"loc":{"start":{"line":171,"column":52},"end":{"line":205,"column":5}}},"13":{"name":"(anonymous_21)","decl":{"start":{"line":210,"column":34},"end":{"line":210,"column":41}},"loc":{"start":{"line":210,"column":53},"end":{"line":222,"column":null}}},"14":{"name":"(anonymous_22)","decl":{"start":{"line":210,"column":53},"end":{"line":210,"column":null}},"loc":{"start":{"line":210,"column":53},"end":{"line":222,"column":5}}}},"branchMap":{"0":{"loc":{"start":{"line":34,"column":12},"end":{"line":36,"column":13}},"type":"if","locations":[{"start":{"line":34,"column":12},"end":{"line":36,"column":13}}]},"1":{"loc":{"start":{"line":40,"column":12},"end":{"line":46,"column":13}},"type":"if","locations":[{"start":{"line":40,"column":12},"end":{"line":46,"column":13}}]},"2":{"loc":{"start":{"line":61,"column":12},"end":{"line":63,"column":13}},"type":"if","locations":[{"start":{"line":61,"column":12},"end":{"line":63,"column":13}}]},"3":{"loc":{"start":{"line":67,"column":12},"end":{"line":70,"column":13}},"type":"if","locations":[{"start":{"line":67,"column":12},"end":{"line":70,"column":13}}]},"4":{"loc":{"start":{"line":77,"column":12},"end":{"line":81,"column":13}},"type":"if","locations":[{"start":{"line":77,"column":12},"end":{"line":81,"column":13}},{"start":{"line":79,"column":19},"end":{"line":81,"column":13}}]},"5":{"loc":{"start":{"line":92,"column":12},"end":{"line":94,"column":13}},"type":"if","locations":[{"start":{"line":92,"column":12},"end":{"line":94,"column":13}}]},"6":{"loc":{"start":{"line":98,"column":12},"end":{"line":101,"column":13}},"type":"if","locations":[{"start":{"line":98,"column":12},"end":{"line":101,"column":13}}]},"7":{"loc":{"start":{"line":103,"column":29},"end":{"line":103,"column":62}},"type":"cond-expr","locations":[{"start":{"line":103,"column":45},"end":{"line":103,"column":58}},{"start":{"line":103,"column":61},"end":{"line":103,"column":62}}]},"8":{"loc":{"start":{"line":122,"column":12},"end":{"line":126,"column":13}},"type":"if","locations":[{"start":{"line":122,"column":12},"end":{"line":126,"column":13}},{"start":{"line":124,"column":19},"end":{"line":126,"column":13}}]},"9":{"loc":{"start":{"line":137,"column":12},"end":{"line":139,"column":13}},"type":"if","locations":[{"start":{"line":137,"column":12},"end":{"line":139,"column":13}}]},"10":{"loc":{"start":{"line":143,"column":12},"end":{"line":146,"column":13}},"type":"if","locations":[{"start":{"line":143,"column":12},"end":{"line":146,"column":13}}]},"11":{"loc":{"start":{"line":149,"column":12},"end":{"line":158,"column":13}},"type":"if","locations":[{"start":{"line":149,"column":12},"end":{"line":158,"column":13}}]},"12":{"loc":{"start":{"line":153,"column":30},"end":{"line":153,"column":57}},"type":"cond-expr","locations":[{"start":{"line":153,"column":43},"end":{"line":153,"column":53}},{"start":{"line":153,"column":56},"end":{"line":153,"column":57}}]},"13":{"loc":{"start":{"line":163,"column":12},"end":{"line":167,"column":13}},"type":"if","locations":[{"start":{"line":163,"column":12},"end":{"line":167,"column":13}},{"start":{"line":165,"column":19},"end":{"line":167,"column":13}}]},"14":{"loc":{"start":{"line":175,"column":12},"end":{"line":177,"column":13}},"type":"if","locations":[{"start":{"line":175,"column":12},"end":{"line":177,"column":13}}]},"15":{"loc":{"start":{"line":181,"column":12},"end":{"line":184,"column":13}},"type":"if","locations":[{"start":{"line":181,"column":12},"end":{"line":184,"column":13}}]},"16":{"loc":{"start":{"line":187,"column":12},"end":{"line":190,"column":13}},"type":"if","locations":[{"start":{"line":187,"column":12},"end":{"line":190,"column":13}}]},"17":{"loc":{"start":{"line":199,"column":12},"end":{"line":203,"column":13}},"type":"if","locations":[{"start":{"line":199,"column":12},"end":{"line":203,"column":13}},{"start":{"line":201,"column":19},"end":{"line":203,"column":13}}]}},"s":{"0":1,"1":1,"2":1,"3":1,"4":1,"5":1,"6":1,"7":1,"8":1,"9":1,"10":1,"11":0,"12":1,"13":3,"14":3,"15":3,"16":3,"17":1,"18":2,"19":2,"20":1,"21":1,"22":0,"23":1,"24":3,"25":3,"26":3,"27":3,"28":1,"29":2,"30":2,"31":1,"32":1,"33":1,"34":1,"35":1,"36":0,"37":1,"38":3,"39":3,"40":3,"41":3,"42":3,"43":3,"44":1,"45":2,"46":2,"47":1,"48":1,"49":1,"50":1,"51":1,"52":1,"53":1,"54":1,"55":1,"56":0,"57":1,"58":6,"59":6,"60":6,"61":6,"62":6,"63":2,"64":4,"65":4,"66":2,"67":2,"68":2,"69":2,"70":1,"71":1,"72":1,"73":1,"74":1,"75":1,"76":2,"77":2,"78":0,"79":1,"80":2,"81":2,"82":2,"83":2,"84":2,"85":0,"86":2,"87":2,"88":0,"89":0,"90":2,"91":2,"92":1,"93":1,"94":1,"95":1,"96":1,"97":1,"98":1,"99":0,"100":1,"101":1,"102":1,"103":1,"104":1,"105":1,"106":1,"107":0,"108":1},"f":{"0":1,"1":1,"2":1,"3":3,"4":3,"5":3,"6":3,"7":3,"8":3,"9":6,"10":6,"11":2,"12":2,"13":1,"14":1},"b":{"0":[1],"1":[1],"2":[1],"3":[1],"4":[1,0],"5":[1],"6":[1],"7":[0,1],"8":[1,0],"9":[2],"10":[2],"11":[1],"12":[0,1],"13":[2,0],"14":[0],"15":[0],"16":[1],"17":[1,0]}}
,"/home/iad-ubuntu/Desktop/Andela/my-brand-aimedivin/my-brand-aimedivin-backend/src/helpers/validation_schema.ts": {"path":"/home/iad-ubuntu/Desktop/Andela/my-brand-aimedivin/my-brand-aimedivin-backend/src/helpers/validation_schema.ts","statementMap":{"0":{"start":{"line":1,"column":0},"end":{"line":1,"column":22}},"1":{"start":{"line":3,"column":23},"end":{"line":9,"column":2}},"2":{"start":{"line":11,"column":0},"end":{"line":13,"column":null}}},"fnMap":{},"branchMap":{},"s":{"0":1,"1":1,"2":1},"f":{},"b":{}}
,"/home/iad-ubuntu/Desktop/Andela/my-brand-aimedivin/my-brand-aimedivin-backend/src/middleware/isAuth.ts": {"path":"/home/iad-ubuntu/Desktop/Andela/my-brand-aimedivin/my-brand-aimedivin-backend/src/middleware/isAuth.ts","statementMap":{"0":{"start":{"line":2,"column":0},"end":{"line":2,"column":47}},"1":{"start":{"line":3,"column":0},"end":{"line":3,"column":22}},"2":{"start":{"line":5,"column":0},"end":{"line":5,"column":54}},"3":{"start":{"line":7,"column":0},"end":{"line":7,"column":33}},"4":{"start":{"line":18,"column":19},"end":{"line":18,"column":43}},"5":{"start":{"line":20,"column":4},"end":{"line":23,"column":5}},"6":{"start":{"line":21,"column":22},"end":{"line":21,"column":68}},"7":{"start":{"line":22,"column":8},"end":{"line":22,"column":20}},"8":{"start":{"line":25,"column":18},"end":{"line":25,"column":38}},"9":{"start":{"line":28,"column":4},"end":{"line":28,"column":80}},"10":{"start":{"line":30,"column":4},"end":{"line":33,"column":5}},"11":{"start":{"line":31,"column":22},"end":{"line":31,"column":68}},"12":{"start":{"line":32,"column":8},"end":{"line":32,"column":20}},"13":{"start":{"line":34,"column":4},"end":{"line":34,"column":24}},"14":{"start":{"line":37,"column":38},"end":{"line":62,"column":null}},"15":{"start":{"line":37,"column":63},"end":{"line":62,"column":null}},"16":{"start":{"line":38,"column":4},"end":{"line":61,"column":5}},"17":{"start":{"line":39,"column":29},"end":{"line":39,"column":52}},"18":{"start":{"line":40,"column":8},"end":{"line":40,"column":41}},"19":{"start":{"line":42,"column":19},"end":{"line":42,"column":59}},"20":{"start":{"line":44,"column":8},"end":{"line":49,"column":9}},"21":{"start":{"line":45,"column":12},"end":{"line":45,"column":null}},"22":{"start":{"line":47,"column":26},"end":{"line":47,"column":74}},"23":{"start":{"line":48,"column":12},"end":{"line":48,"column":24}},"24":{"start":{"line":53,"column":8},"end":{"line":60,"column":9}},"25":{"start":{"line":54,"column":12},"end":{"line":54,"column":72}},"26":{"start":{"line":56,"column":13},"end":{"line":60,"column":9}},"27":{"start":{"line":57,"column":12},"end":{"line":57,"column":70}},"28":{"start":{"line":59,"column":12},"end":{"line":59,"column":62}},"29":{"start":{"line":37,"column":13},"end":{"line":37,"column":38}},"30":{"start":{"line":64,"column":43},"end":{"line":87,"column":null}},"31":{"start":{"line":64,"column":68},"end":{"line":87,"column":null}},"32":{"start":{"line":66,"column":4},"end":{"line":86,"column":5}},"33":{"start":{"line":67,"column":29},"end":{"line":67,"column":52}},"34":{"start":{"line":68,"column":19},"end":{"line":68,"column":59}},"35":{"start":{"line":70,"column":8},"end":{"line":73,"column":9}},"36":{"start":{"line":71,"column":26},"end":{"line":71,"column":72}},"37":{"start":{"line":72,"column":12},"end":{"line":72,"column":24}},"38":{"start":{"line":74,"column":8},"end":{"line":74,"column":null}},"39":{"start":{"line":78,"column":8},"end":{"line":85,"column":9}},"40":{"start":{"line":79,"column":12},"end":{"line":79,"column":72}},"41":{"start":{"line":81,"column":13},"end":{"line":85,"column":9}},"42":{"start":{"line":82,"column":12},"end":{"line":82,"column":70}},"43":{"start":{"line":84,"column":12},"end":{"line":84,"column":62}},"44":{"start":{"line":64,"column":13},"end":{"line":64,"column":43}}},"fnMap":{"0":{"name":"authorizationCheck","decl":{"start":{"line":17,"column":9},"end":{"line":17,"column":27}},"loc":{"start":{"line":17,"column":40},"end":{"line":35,"column":1}}},"1":{"name":"(anonymous_9)","decl":{"start":{"line":37,"column":38},"end":{"line":37,"column":45}},"loc":{"start":{"line":37,"column":63},"end":{"line":62,"column":null}}},"2":{"name":"(anonymous_10)","decl":{"start":{"line":37,"column":63},"end":{"line":37,"column":null}},"loc":{"start":{"line":37,"column":63},"end":{"line":62,"column":1}}},"3":{"name":"(anonymous_11)","decl":{"start":{"line":64,"column":43},"end":{"line":64,"column":50}},"loc":{"start":{"line":64,"column":68},"end":{"line":87,"column":null}}},"4":{"name":"(anonymous_12)","decl":{"start":{"line":64,"column":68},"end":{"line":64,"column":null}},"loc":{"start":{"line":64,"column":68},"end":{"line":87,"column":1}}}},"branchMap":{"0":{"loc":{"start":{"line":20,"column":4},"end":{"line":23,"column":5}},"type":"if","locations":[{"start":{"line":20,"column":4},"end":{"line":23,"column":5}}]},"1":{"loc":{"start":{"line":30,"column":4},"end":{"line":33,"column":5}},"type":"if","locations":[{"start":{"line":30,"column":4},"end":{"line":33,"column":5}}]},"2":{"loc":{"start":{"line":44,"column":8},"end":{"line":49,"column":9}},"type":"if","locations":[{"start":{"line":44,"column":8},"end":{"line":49,"column":9}},{"start":{"line":46,"column":15},"end":{"line":49,"column":9}}]},"3":{"loc":{"start":{"line":53,"column":8},"end":{"line":60,"column":9}},"type":"if","locations":[{"start":{"line":53,"column":8},"end":{"line":60,"column":9}},{"start":{"line":56,"column":13},"end":{"line":60,"column":9}}]},"4":{"loc":{"start":{"line":53,"column":13},"end":{"line":53,"column":102}},"type":"binary-expr","locations":[{"start":{"line":53,"column":13},"end":{"line":53,"column":55}},{"start":{"line":53,"column":60},"end":{"line":53,"column":102}}]},"5":{"loc":{"start":{"line":56,"column":13},"end":{"line":60,"column":9}},"type":"if","locations":[{"start":{"line":56,"column":13},"end":{"line":60,"column":9}},{"start":{"line":58,"column":15},"end":{"line":60,"column":9}}]},"6":{"loc":{"start":{"line":70,"column":8},"end":{"line":73,"column":9}},"type":"if","locations":[{"start":{"line":70,"column":8},"end":{"line":73,"column":9}}]},"7":{"loc":{"start":{"line":78,"column":8},"end":{"line":85,"column":9}},"type":"if","locations":[{"start":{"line":78,"column":8},"end":{"line":85,"column":9}},{"start":{"line":81,"column":13},"end":{"line":85,"column":9}}]},"8":{"loc":{"start":{"line":78,"column":13},"end":{"line":78,"column":102}},"type":"binary-expr","locations":[{"start":{"line":78,"column":13},"end":{"line":78,"column":55}},{"start":{"line":78,"column":60},"end":{"line":78,"column":102}}]},"9":{"loc":{"start":{"line":81,"column":13},"end":{"line":85,"column":9}},"type":"if","locations":[{"start":{"line":81,"column":13},"end":{"line":85,"column":9}},{"start":{"line":83,"column":15},"end":{"line":85,"column":9}}]}},"s":{"0":1,"1":1,"2":1,"3":1,"4":46,"5":46,"6":9,"7":9,"8":37,"9":37,"10":35,"11":0,"12":0,"13":35,"14":1,"15":18,"16":18,"17":18,"18":15,"19":15,"20":15,"21":15,"22":0,"23":0,"24":3,"25":2,"26":1,"27":1,"28":0,"29":1,"30":1,"31":28,"32":28,"33":28,"34":20,"35":20,"36":0,"37":0,"38":20,"39":8,"40":0,"41":8,"42":8,"43":0,"44":1},"f":{"0":46,"1":18,"2":18,"3":28,"4":28},"b":{"0":[9],"1":[0],"2":[15,0],"3":[2,1],"4":[3,1],"5":[1,0],"6":[0],"7":[0,8],"8":[8,8],"9":[8,0]}}
,"/home/iad-ubuntu/Desktop/Andela/my-brand-aimedivin/my-brand-aimedivin-backend/src/model/blog.ts": {"path":"/home/iad-ubuntu/Desktop/Andela/my-brand-aimedivin/my-brand-aimedivin-backend/src/model/blog.ts","statementMap":{"0":{"start":{"line":1,"column":0},"end":{"line":1,"column":44}},"1":{"start":{"line":3,"column":19},"end":{"line":22,"column":6}},"2":{"start":{"line":24,"column":13},"end":{"line":24,"column":48}},"3":{"start":{"line":26,"column":0},"end":{"line":26,"column":20}}},"fnMap":{},"branchMap":{},"s":{"0":1,"1":1,"2":1,"3":1},"f":{},"b":{}}
,"/home/iad-ubuntu/Desktop/Andela/my-brand-aimedivin/my-brand-aimedivin-backend/src/model/comment.ts": {"path":"/home/iad-ubuntu/Desktop/Andela/my-brand-aimedivin/my-brand-aimedivin-backend/src/model/comment.ts","statementMap":{"0":{"start":{"line":1,"column":0},"end":{"line":1,"column":44}},"1":{"start":{"line":3,"column":22},"end":{"line":23,"column":6}},"2":{"start":{"line":25,"column":16},"end":{"line":25,"column":57}},"3":{"start":{"line":27,"column":0},"end":{"line":27,"column":23}}},"fnMap":{},"branchMap":{},"s":{"0":1,"1":1,"2":1,"3":1},"f":{},"b":{}}
,"/home/iad-ubuntu/Desktop/Andela/my-brand-aimedivin/my-brand-aimedivin-backend/src/model/like.ts": {"path":"/home/iad-ubuntu/Desktop/Andela/my-brand-aimedivin/my-brand-aimedivin-backend/src/model/like.ts","statementMap":{"0":{"start":{"line":1,"column":0},"end":{"line":1,"column":44}},"1":{"start":{"line":3,"column":19},"end":{"line":15,"column":6}},"2":{"start":{"line":17,"column":13},"end":{"line":17,"column":48}},"3":{"start":{"line":19,"column":0},"end":{"line":19,"column":20}}},"fnMap":{},"branchMap":{},"s":{"0":1,"1":1,"2":1,"3":1},"f":{},"b":{}}
,"/home/iad-ubuntu/Desktop/Andela/my-brand-aimedivin/my-brand-aimedivin-backend/src/model/message.ts": {"path":"/home/iad-ubuntu/Desktop/Andela/my-brand-aimedivin/my-brand-aimedivin-backend/src/model/message.ts","statementMap":{"0":{"start":{"line":1,"column":0},"end":{"line":1,"column":32}},"1":{"start":{"line":3,"column":22},"end":{"line":16,"column":2}},"2":{"start":{"line":19,"column":16},"end":{"line":19,"column":57}},"3":{"start":{"line":21,"column":0},"end":{"line":21,"column":23}}},"fnMap":{},"branchMap":{},"s":{"0":1,"1":1,"2":1,"3":1},"f":{},"b":{}}
,"/home/iad-ubuntu/Desktop/Andela/my-brand-aimedivin/my-brand-aimedivin-backend/src/model/user.ts": {"path":"/home/iad-ubuntu/Desktop/Andela/my-brand-aimedivin/my-brand-aimedivin-backend/src/model/user.ts","statementMap":{"0":{"start":{"line":1,"column":0},"end":{"line":1,"column":32}},"1":{"start":{"line":3,"column":19},"end":{"line":29,"column":24}},"2":{"start":{"line":32,"column":13},"end":{"line":32,"column":48}},"3":{"start":{"line":34,"column":0},"end":{"line":34,"column":20}}},"fnMap":{},"branchMap":{},"s":{"0":1,"1":1,"2":1,"3":1},"f":{},"b":{}}
,"/home/iad-ubuntu/Desktop/Andela/my-brand-aimedivin/my-brand-aimedivin-backend/src/routes/authRoutes.ts": {"path":"/home/iad-ubuntu/Desktop/Andela/my-brand-aimedivin/my-brand-aimedivin-backend/src/routes/authRoutes.ts","statementMap":{"0":{"start":{"line":177,"column":0},"end":{"line":177,"column":33}},"1":{"start":{"line":178,"column":0},"end":{"line":178,"column":41}},"2":{"start":{"line":181,"column":0},"end":{"line":181,"column":43}},"3":{"start":{"line":182,"column":0},"end":{"line":182,"column":46}},"4":{"start":{"line":184,"column":15},"end":{"line":184,"column":23}},"5":{"start":{"line":186,"column":23},"end":{"line":186,"column":33}},"6":{"start":{"line":188,"column":0},"end":{"line":188,"column":50}},"7":{"start":{"line":190,"column":0},"end":{"line":197,"column":2}},"8":{"start":{"line":199,"column":0},"end":{"line":199,"column":44}},"9":{"start":{"line":201,"column":0},"end":{"line":201,"column":22}}},"fnMap":{},"branchMap":{},"s":{"0":1,"1":1,"2":1,"3":1,"4":1,"5":1,"6":1,"7":1,"8":1,"9":1},"f":{},"b":{}}
,"/home/iad-ubuntu/Desktop/Andela/my-brand-aimedivin/my-brand-aimedivin-backend/src/routes/dashboardRoutes.ts": {"path":"/home/iad-ubuntu/Desktop/Andela/my-brand-aimedivin/my-brand-aimedivin-backend/src/routes/dashboardRoutes.ts","statementMap":{"0":{"start":{"line":288,"column":0},"end":{"line":288,"column":49}},"1":{"start":{"line":289,"column":0},"end":{"line":289,"column":41}},"2":{"start":{"line":291,"column":0},"end":{"line":291,"column":53}},"3":{"start":{"line":292,"column":0},"end":{"line":292,"column":58}},"4":{"start":{"line":294,"column":15},"end":{"line":294,"column":23}},"5":{"start":{"line":296,"column":28},"end":{"line":296,"column":43}},"6":{"start":{"line":298,"column":0},"end":{"line":298,"column":64}},"7":{"start":{"line":300,"column":0},"end":{"line":300,"column":70}},"8":{"start":{"line":302,"column":0},"end":{"line":310,"column":2}},"9":{"start":{"line":312,"column":0},"end":{"line":320,"column":2}},"10":{"start":{"line":322,"column":0},"end":{"line":322,"column":76}},"11":{"start":{"line":325,"column":0},"end":{"line":325,"column":64}},"12":{"start":{"line":328,"column":0},"end":{"line":328,"column":69}},"13":{"start":{"line":330,"column":0},"end":{"line":330,"column":75}},"14":{"start":{"line":332,"column":0},"end":{"line":332,"column":22}}},"fnMap":{},"branchMap":{},"s":{"0":1,"1":1,"2":1,"3":1,"4":1,"5":1,"6":1,"7":1,"8":1,"9":1,"10":1,"11":1,"12":1,"13":1,"14":1},"f":{},"b":{}}
,"/home/iad-ubuntu/Desktop/Andela/my-brand-aimedivin/my-brand-aimedivin-backend/src/routes/portfolioRoutes.ts": {"path":"/home/iad-ubuntu/Desktop/Andela/my-brand-aimedivin/my-brand-aimedivin-backend/src/routes/portfolioRoutes.ts","statementMap":{"0":{"start":{"line":374,"column":0},"end":{"line":374,"column":33}},"1":{"start":{"line":375,"column":0},"end":{"line":375,"column":52}},"2":{"start":{"line":377,"column":0},"end":{"line":377,"column":58}},"3":{"start":{"line":379,"column":15},"end":{"line":379,"column":23}},"4":{"start":{"line":381,"column":28},"end":{"line":381,"column":43}},"5":{"start":{"line":384,"column":0},"end":{"line":384,"column":51}},"6":{"start":{"line":386,"column":0},"end":{"line":386,"column":57}},"7":{"start":{"line":389,"column":0},"end":{"line":389,"column":69}},"8":{"start":{"line":391,"column":0},"end":{"line":391,"column":78}},"9":{"start":{"line":394,"column":0},"end":{"line":394,"column":72}},"10":{"start":{"line":396,"column":0},"end":{"line":396,"column":76}},"11":{"start":{"line":399,"column":0},"end":{"line":399,"column":57}},"12":{"start":{"line":403,"column":0},"end":{"line":403,"column":22}}},"fnMap":{},"branchMap":{},"s":{"0":1,"1":1,"2":1,"3":1,"4":1,"5":1,"6":1,"7":1,"8":1,"9":1,"10":1,"11":1,"12":1},"f":{},"b":{}}
}
