TN:
SF:src/app.ts
FN:22,(anonymous_8)
FN:30,(anonymous_9)
FN:30,(anonymous_10)
FN:70,(anonymous_11)
FN:73,(anonymous_12)
FN:78,(anonymous_13)
FN:80,(anonymous_14)
FNF:7
FNH:2
FNDA:60,(anonymous_8)
FNDA:0,(anonymous_9)
FNDA:0,(anonymous_10)
FNDA:1,(anonymous_11)
FNDA:0,(anonymous_12)
FNDA:0,(anonymous_13)
FNDA:0,(anonymous_14)
DA:1,1
DA:3,1
DA:4,1
DA:8,1
DA:9,1
DA:10,1
DA:12,1
DA:13,1
DA:14,1
DA:18,1
DA:20,1
DA:22,1
DA:23,60
DA:24,60
DA:25,60
DA:26,60
DA:30,1
DA:31,0
DA:34,1
DA:35,1
DA:36,1
DA:42,1
DA:65,1
DA:67,1
DA:69,1
DA:71,1
DA:74,0
DA:78,1
DA:79,0
DA:80,0
DA:81,0
DA:85,1
DA:86,0
LF:33
LH:27
BRDA:79,0,0,0
BRDA:79,0,1,0
BRDA:85,1,0,0
BRF:3
BRH:0
end_of_record
TN:
SF:src/controllers/auth.ts
FN:14,(anonymous_8)
FN:15,(anonymous_9)
FN:15,(anonymous_10)
FN:65,(anonymous_11)
FN:65,(anonymous_12)
FN:103,(anonymous_13)
FN:103,(anonymous_14)
FNF:7
FNH:7
FNDA:1,(anonymous_8)
FNDA:3,(anonymous_9)
FNDA:3,(anonymous_10)
FNDA:3,(anonymous_11)
FNDA:3,(anonymous_12)
FNDA:4,(anonymous_13)
FNDA:4,(anonymous_14)
DA:2,1
DA:3,1
DA:4,1
DA:7,1
DA:8,1
DA:9,1
DA:10,1
DA:12,1
DA:14,1
DA:15,3
DA:16,3
DA:17,3
DA:19,2
DA:20,2
DA:21,2
DA:22,2
DA:23,2
DA:25,2
DA:26,2
DA:27,1
DA:29,1
DA:31,1
DA:32,1
DA:40,1
DA:41,1
DA:42,1
DA:51,1
DA:52,0
DA:54,1
DA:55,1
DA:60,0
DA:65,3
DA:66,3
DA:67,3
DA:68,3
DA:69,3
DA:71,3
DA:72,1
DA:73,1
DA:75,2
DA:77,2
DA:78,1
DA:79,1
DA:81,1
DA:89,1
DA:95,2
DA:96,2
DA:98,0
DA:103,4
DA:104,4
DA:105,4
DA:106,4
DA:107,4
DA:108,4
DA:109,4
DA:110,4
DA:112,4
DA:113,1
DA:116,3
DA:117,1
DA:118,1
DA:121,2
DA:122,1
DA:123,1
DA:126,1
DA:132,1
DA:140,2
DA:141,2
DA:143,0
LF:69
LH:65
BRDA:26,0,0,1
BRDA:31,1,0,1
BRDA:40,2,0,1
BRDA:51,3,0,0
BRDA:51,3,1,1
BRDA:54,4,0,1
BRDA:54,4,1,0
BRDA:71,5,0,1
BRDA:77,6,0,1
BRDA:95,7,0,2
BRDA:95,7,1,0
BRDA:112,8,0,1
BRDA:116,9,0,1
BRDA:121,10,0,1
BRDA:140,11,0,2
BRDA:140,11,1,0
BRF:16
BRH:12
end_of_record
TN:
SF:src/controllers/dashboard.ts
FN:13,(anonymous_8)
FN:19,(anonymous_9)
FN:21,(anonymous_10)
FN:21,(anonymous_11)
FN:40,(anonymous_12)
FN:40,(anonymous_13)
FN:64,(anonymous_14)
FN:64,(anonymous_15)
FN:132,(anonymous_16)
FN:132,(anonymous_17)
FN:187,(anonymous_18)
FN:187,(anonymous_19)
FN:218,(anonymous_20)
FN:218,(anonymous_21)
FN:237,(anonymous_22)
FN:237,(anonymous_23)
FN:255,(anonymous_24)
FN:255,(anonymous_25)
FNF:18
FNH:18
FNDA:20,(anonymous_8)
FNDA:1,(anonymous_9)
FNDA:1,(anonymous_10)
FNDA:1,(anonymous_11)
FNDA:3,(anonymous_12)
FNDA:3,(anonymous_13)
FNDA:5,(anonymous_14)
FNDA:5,(anonymous_15)
FNDA:3,(anonymous_16)
FNDA:3,(anonymous_17)
FNDA:3,(anonymous_18)
FNDA:3,(anonymous_19)
FNDA:1,(anonymous_20)
FNDA:1,(anonymous_21)
FNDA:1,(anonymous_22)
FNDA:1,(anonymous_23)
FNDA:3,(anonymous_24)
FNDA:3,(anonymous_25)
DA:2,1
DA:3,1
DA:4,1
DA:5,1
DA:6,1
DA:7,1
DA:10,1
DA:14,20
DA:15,20
DA:19,1
DA:21,1
DA:22,1
DA:23,1
DA:25,1
DA:31,0
DA:40,3
DA:41,3
DA:42,3
DA:43,3
DA:44,1
DA:46,2
DA:47,2
DA:48,1
DA:53,1
DA:58,0
DA:59,0
DA:64,5
DA:65,5
DA:66,5
DA:68,5
DA:69,1
DA:72,4
DA:74,4
DA:75,1
DA:76,1
DA:79,3
DA:80,3
DA:81,3
DA:84,3
DA:97,3
DA:98,1
DA:103,2
DA:105,2
DA:106,1
DA:107,1
DA:108,1
DA:110,1
DA:111,1
DA:117,1
DA:122,1
DA:123,1
DA:125,0
DA:132,3
DA:133,3
DA:134,3
DA:136,3
DA:137,1
DA:139,1
DA:141,2
DA:144,2
DA:156,2
DA:162,1
DA:169,1
DA:171,1
DA:178,1
DA:179,1
DA:181,0
DA:187,3
DA:188,3
DA:189,3
DA:191,3
DA:192,1
DA:195,2
DA:196,2
DA:197,2
DA:198,1
DA:200,1
DA:205,1
DA:210,0
DA:218,1
DA:219,1
DA:220,1
DA:221,1
DA:222,1
DA:229,0
DA:237,1
DA:238,1
DA:239,1
DA:241,1
DA:247,0
DA:255,3
DA:256,3
DA:257,3
DA:258,3
DA:259,1
DA:261,2
DA:262,2
DA:263,1
DA:268,1
DA:273,0
LF:100
LH:91
BRDA:43,0,0,1
BRDA:47,1,0,1
BRDA:68,2,0,1
BRDA:74,3,0,1
BRDA:97,4,0,1
BRDA:105,5,0,1
BRDA:122,6,0,1
BRDA:122,6,1,0
BRDA:136,7,0,1
BRDA:156,8,0,1
BRDA:178,9,0,1
BRDA:178,9,1,0
BRDA:191,10,0,1
BRDA:197,11,0,1
BRDA:221,12,0,1
BRDA:258,13,0,1
BRDA:262,14,0,1
BRF:17
BRH:15
end_of_record
TN:
SF:src/controllers/portfolio.ts
FN:10,(anonymous_8)
FN:12,(anonymous_9)
FN:12,(anonymous_10)
FN:30,(anonymous_11)
FN:30,(anonymous_12)
FN:57,(anonymous_13)
FN:57,(anonymous_14)
FN:85,(anonymous_15)
FN:85,(anonymous_16)
FN:132,(anonymous_17)
FN:132,(anonymous_18)
FN:171,(anonymous_19)
FN:171,(anonymous_20)
FN:210,(anonymous_21)
FN:210,(anonymous_22)
FNF:15
FNH:15
FNDA:1,(anonymous_8)
FNDA:1,(anonymous_9)
FNDA:1,(anonymous_10)
FNDA:3,(anonymous_11)
FNDA:3,(anonymous_12)
FNDA:3,(anonymous_13)
FNDA:3,(anonymous_14)
FNDA:3,(anonymous_15)
FNDA:3,(anonymous_16)
FNDA:6,(anonymous_17)
FNDA:6,(anonymous_18)
FNDA:2,(anonymous_19)
FNDA:2,(anonymous_20)
FNDA:1,(anonymous_21)
FNDA:1,(anonymous_22)
DA:3,1
DA:4,1
DA:5,1
DA:7,1
DA:8,1
DA:9,1
DA:10,1
DA:12,1
DA:13,1
DA:14,1
DA:16,1
DA:22,0
DA:30,3
DA:31,3
DA:32,3
DA:34,3
DA:35,1
DA:38,2
DA:40,2
DA:41,1
DA:47,1
DA:52,0
DA:57,3
DA:58,3
DA:59,3
DA:61,3
DA:62,1
DA:65,2
DA:67,2
DA:68,1
DA:69,1
DA:71,1
DA:77,1
DA:78,1
DA:80,0
DA:85,3
DA:86,3
DA:88,3
DA:89,3
DA:90,3
DA:92,3
DA:93,1
DA:97,2
DA:98,2
DA:99,1
DA:100,1
DA:103,1
DA:104,1
DA:106,1
DA:113,1
DA:115,1
DA:122,1
DA:123,1
DA:125,0
DA:132,6
DA:133,6
DA:134,6
DA:135,6
DA:137,6
DA:138,2
DA:142,4
DA:143,4
DA:144,2
DA:145,2
DA:148,2
DA:149,2
DA:150,1
DA:151,1
DA:153,1
DA:154,1
DA:156,1
DA:159,1
DA:163,2
DA:164,2
DA:166,0
DA:171,2
DA:172,2
DA:173,2
DA:174,2
DA:175,2
DA:176,0
DA:180,2
DA:181,2
DA:182,0
DA:183,0
DA:186,2
DA:187,2
DA:188,1
DA:189,1
DA:192,1
DA:193,1
DA:195,1
DA:199,1
DA:200,1
DA:202,0
DA:210,1
DA:211,1
DA:212,1
DA:213,1
DA:214,1
DA:215,1
DA:217,0
LF:102
LH:92
BRDA:34,0,0,1
BRDA:40,1,0,1
BRDA:61,2,0,1
BRDA:67,3,0,1
BRDA:77,4,0,1
BRDA:77,4,1,0
BRDA:92,5,0,1
BRDA:98,6,0,1
BRDA:103,7,0,0
BRDA:103,7,1,1
BRDA:122,8,0,1
BRDA:122,8,1,0
BRDA:137,9,0,2
BRDA:143,10,0,2
BRDA:149,11,0,1
BRDA:153,12,0,0
BRDA:153,12,1,1
BRDA:163,13,0,2
BRDA:163,13,1,0
BRDA:175,14,0,0
BRDA:181,15,0,0
BRDA:187,16,0,1
BRDA:199,17,0,1
BRDA:199,17,1,0
BRF:24
BRH:16
end_of_record
TN:
SF:src/helpers/validation_schema.ts
FNF:0
FNH:0
DA:1,1
DA:3,1
DA:11,1
LF:3
LH:3
BRF:0
BRH:0
end_of_record
TN:
SF:src/middleware/isAuth.ts
FN:17,authorizationCheck
FN:37,(anonymous_9)
FN:37,(anonymous_10)
FN:64,(anonymous_11)
FN:64,(anonymous_12)
FNF:5
FNH:5
FNDA:46,authorizationCheck
FNDA:18,(anonymous_9)
FNDA:18,(anonymous_10)
FNDA:28,(anonymous_11)
FNDA:28,(anonymous_12)
DA:2,1
DA:3,1
DA:5,1
DA:7,1
DA:18,46
DA:20,46
DA:21,9
DA:22,9
DA:25,37
DA:28,37
DA:30,35
DA:31,0
DA:32,0
DA:34,35
DA:37,18
DA:38,18
DA:39,18
DA:40,15
DA:42,15
DA:44,15
DA:45,15
DA:47,0
DA:48,0
DA:53,3
DA:54,2
DA:56,1
DA:57,1
DA:59,0
DA:64,28
DA:66,28
DA:67,28
DA:68,20
DA:70,20
DA:71,0
DA:72,0
DA:74,20
DA:78,8
DA:79,0
DA:81,8
DA:82,8
DA:84,0
LF:41
LH:32
BRDA:20,0,0,9
BRDA:30,1,0,0
BRDA:44,2,0,15
BRDA:44,2,1,0
BRDA:53,3,0,2
BRDA:53,3,1,1
BRDA:53,4,0,3
BRDA:53,4,1,1
BRDA:56,5,0,1
BRDA:56,5,1,0
BRDA:70,6,0,0
BRDA:78,7,0,0
BRDA:78,7,1,8
BRDA:78,8,0,8
BRDA:78,8,1,8
BRDA:81,9,0,8
BRDA:81,9,1,0
BRF:17
BRH:11
end_of_record
TN:
SF:src/model/blog.ts
FNF:0
FNH:0
DA:1,1
DA:3,1
DA:24,1
DA:26,1
LF:4
LH:4
BRF:0
BRH:0
end_of_record
TN:
SF:src/model/comment.ts
FNF:0
FNH:0
DA:1,1
DA:3,1
DA:25,1
DA:27,1
LF:4
LH:4
BRF:0
BRH:0
end_of_record
TN:
SF:src/model/like.ts
FNF:0
FNH:0
DA:1,1
DA:3,1
DA:17,1
DA:19,1
LF:4
LH:4
BRF:0
BRH:0
end_of_record
TN:
SF:src/model/message.ts
FNF:0
FNH:0
DA:1,1
DA:3,1
DA:19,1
DA:21,1
LF:4
LH:4
BRF:0
BRH:0
end_of_record
TN:
SF:src/model/user.ts
FNF:0
FNH:0
DA:1,1
DA:3,1
DA:32,1
DA:34,1
LF:4
LH:4
BRF:0
BRH:0
end_of_record
TN:
SF:src/routes/authRoutes.ts
FNF:0
FNH:0
DA:177,1
DA:178,1
DA:181,1
DA:182,1
DA:184,1
DA:186,1
DA:188,1
DA:190,1
DA:199,1
DA:201,1
LF:10
LH:10
BRF:0
BRH:0
end_of_record
TN:
SF:src/routes/dashboardRoutes.ts
FNF:0
FNH:0
DA:288,1
DA:289,1
DA:291,1
DA:292,1
DA:294,1
DA:296,1
DA:298,1
DA:300,1
DA:302,1
DA:312,1
DA:322,1
DA:325,1
DA:328,1
DA:330,1
DA:332,1
LF:15
LH:15
BRF:0
BRH:0
end_of_record
TN:
SF:src/routes/portfolioRoutes.ts
FNF:0
FNH:0
DA:374,1
DA:375,1
DA:377,1
DA:379,1
DA:381,1
DA:384,1
DA:386,1
DA:389,1
DA:391,1
DA:394,1
DA:396,1
DA:399,1
DA:403,1
LF:13
LH:13
BRF:0
BRH:0
end_of_record
