TN:
SF:src/app.ts
FN:22,(anonymous_8)
FN:30,(anonymous_9)
FN:30,(anonymous_10)
FN:70,(anonymous_11)
FN:73,(anonymous_12)
FN:78,(anonymous_13)
FN:80,(anonymous_14)
FNF:7
FNH:2
FNDA:27,(anonymous_8)
FNDA:0,(anonymous_9)
FNDA:0,(anonymous_10)
FNDA:2,(anonymous_11)
FNDA:0,(anonymous_12)
FNDA:0,(anonymous_13)
FNDA:0,(anonymous_14)
DA:1,2
DA:3,2
DA:4,2
DA:8,2
DA:9,2
DA:10,2
DA:12,2
DA:13,2
DA:14,2
DA:18,2
DA:20,2
DA:22,2
DA:23,27
DA:24,27
DA:25,27
DA:26,27
DA:30,2
DA:31,0
DA:34,2
DA:35,2
DA:36,2
DA:42,2
DA:65,2
DA:67,2
DA:69,2
DA:71,2
DA:74,0
DA:78,2
DA:79,0
DA:80,0
DA:81,0
DA:85,2
DA:86,0
LF:33
LH:27
BRDA:79,0,0,0
BRDA:79,0,1,0
BRDA:85,1,0,0
BRF:3
BRH:0
end_of_record
TN:
SF:src/controllers/auth.ts
FN:13,(anonymous_8)
FN:14,(anonymous_9)
FN:14,(anonymous_10)
FN:64,(anonymous_11)
FN:64,(anonymous_12)
FN:102,(anonymous_13)
FN:102,(anonymous_14)
FNF:7
FNH:5
FNDA:2,(anonymous_8)
FNDA:3,(anonymous_9)
FNDA:3,(anonymous_10)
FNDA:3,(anonymous_11)
FNDA:3,(anonymous_12)
FNDA:0,(anonymous_13)
FNDA:0,(anonymous_14)
DA:2,2
DA:3,2
DA:4,2
DA:7,2
DA:8,2
DA:9,2
DA:10,2
DA:13,2
DA:14,3
DA:15,3
DA:16,3
DA:18,2
DA:19,2
DA:20,2
DA:21,2
DA:22,2
DA:24,2
DA:25,2
DA:26,1
DA:28,1
DA:30,1
DA:31,1
DA:39,1
DA:40,1
DA:41,1
DA:50,1
DA:51,0
DA:53,1
DA:54,1
DA:59,0
DA:64,3
DA:65,3
DA:66,3
DA:67,3
DA:68,3
DA:70,3
DA:71,1
DA:72,1
DA:74,2
DA:76,2
DA:77,1
DA:78,1
DA:80,1
DA:88,1
DA:94,2
DA:95,2
DA:97,0
DA:102,2
DA:103,0
DA:104,0
DA:105,0
DA:106,0
DA:107,0
DA:108,0
DA:109,0
DA:111,0
DA:112,0
DA:113,0
DA:116,0
DA:117,0
DA:118,0
DA:121,0
DA:123,0
DA:125,0
DA:127,0
DA:134,0
DA:136,0
DA:137,0
DA:139,0
LF:69
LH:45
BRDA:25,0,0,1
BRDA:30,1,0,1
BRDA:39,2,0,1
BRDA:50,3,0,0
BRDA:50,3,1,1
BRDA:53,4,0,1
BRDA:53,4,1,0
BRDA:70,5,0,1
BRDA:76,6,0,1
BRDA:94,7,0,2
BRDA:94,7,1,0
BRDA:111,8,0,0
BRDA:116,9,0,0
BRDA:136,10,0,0
BRDA:136,10,1,0
BRF:15
BRH:8
end_of_record
TN:
SF:src/controllers/dashboard.ts
FN:13,(anonymous_8)
FN:19,(anonymous_9)
FN:21,(anonymous_10)
FN:21,(anonymous_11)
FN:40,(anonymous_12)
FN:40,(anonymous_13)
FN:64,(anonymous_14)
FN:64,(anonymous_15)
FN:133,(anonymous_16)
FN:133,(anonymous_17)
FN:188,(anonymous_18)
FN:188,(anonymous_19)
FN:219,(anonymous_20)
FN:219,(anonymous_21)
FN:238,(anonymous_22)
FN:238,(anonymous_23)
FN:256,(anonymous_24)
FN:256,(anonymous_25)
FNF:18
FNH:2
FNDA:5,(anonymous_8)
FNDA:2,(anonymous_9)
FNDA:0,(anonymous_10)
FNDA:0,(anonymous_11)
FNDA:0,(anonymous_12)
FNDA:0,(anonymous_13)
FNDA:0,(anonymous_14)
FNDA:0,(anonymous_15)
FNDA:0,(anonymous_16)
FNDA:0,(anonymous_17)
FNDA:0,(anonymous_18)
FNDA:0,(anonymous_19)
FNDA:0,(anonymous_20)
FNDA:0,(anonymous_21)
FNDA:0,(anonymous_22)
FNDA:0,(anonymous_23)
FNDA:0,(anonymous_24)
FNDA:0,(anonymous_25)
DA:2,2
DA:3,2
DA:4,2
DA:5,2
DA:6,2
DA:7,2
DA:10,2
DA:14,5
DA:15,5
DA:19,2
DA:21,2
DA:22,0
DA:23,0
DA:25,0
DA:31,0
DA:40,2
DA:41,0
DA:42,0
DA:43,0
DA:44,0
DA:46,0
DA:47,0
DA:48,0
DA:53,0
DA:58,0
DA:59,0
DA:64,2
DA:65,0
DA:66,0
DA:68,0
DA:69,0
DA:72,0
DA:74,0
DA:75,0
DA:76,0
DA:79,0
DA:80,0
DA:81,0
DA:84,0
DA:96,0
DA:98,0
DA:99,0
DA:104,0
DA:106,0
DA:107,0
DA:108,0
DA:109,0
DA:111,0
DA:112,0
DA:118,0
DA:123,0
DA:124,0
DA:126,0
DA:133,2
DA:134,0
DA:135,0
DA:137,0
DA:138,0
DA:140,0
DA:142,0
DA:145,0
DA:157,0
DA:163,0
DA:170,0
DA:172,0
DA:179,0
DA:180,0
DA:182,0
DA:188,2
DA:189,0
DA:190,0
DA:192,0
DA:193,0
DA:196,0
DA:197,0
DA:198,0
DA:199,0
DA:201,0
DA:206,0
DA:211,0
DA:219,2
DA:220,0
DA:221,0
DA:222,0
DA:223,0
DA:230,0
DA:238,2
DA:239,0
DA:240,0
DA:242,0
DA:248,0
DA:256,2
DA:257,0
DA:258,0
DA:259,0
DA:260,0
DA:262,0
DA:263,0
DA:264,0
DA:269,0
DA:274,0
DA:275,0
LF:102
LH:18
BRDA:43,0,0,0
BRDA:47,1,0,0
BRDA:68,2,0,0
BRDA:74,3,0,0
BRDA:98,4,0,0
BRDA:106,5,0,0
BRDA:123,6,0,0
BRDA:123,6,1,0
BRDA:137,7,0,0
BRDA:157,8,0,0
BRDA:179,9,0,0
BRDA:179,9,1,0
BRDA:192,10,0,0
BRDA:198,11,0,0
BRDA:222,12,0,0
BRDA:259,13,0,0
BRDA:263,14,0,0
BRF:17
BRH:0
end_of_record
TN:
SF:src/controllers/portfolio.ts
FN:10,(anonymous_8)
FN:12,(anonymous_9)
FN:12,(anonymous_10)
FN:30,(anonymous_11)
FN:30,(anonymous_12)
FN:57,(anonymous_13)
FN:57,(anonymous_14)
FN:85,(anonymous_15)
FN:85,(anonymous_16)
FN:132,(anonymous_17)
FN:132,(anonymous_18)
FN:171,(anonymous_19)
FN:171,(anonymous_20)
FN:210,(anonymous_21)
FN:210,(anonymous_22)
FNF:15
FNH:13
FNDA:2,(anonymous_8)
FNDA:1,(anonymous_9)
FNDA:1,(anonymous_10)
FNDA:3,(anonymous_11)
FNDA:3,(anonymous_12)
FNDA:3,(anonymous_13)
FNDA:3,(anonymous_14)
FNDA:3,(anonymous_15)
FNDA:3,(anonymous_16)
FNDA:3,(anonymous_17)
FNDA:3,(anonymous_18)
FNDA:0,(anonymous_19)
FNDA:0,(anonymous_20)
FNDA:1,(anonymous_21)
FNDA:1,(anonymous_22)
DA:3,2
DA:4,2
DA:5,2
DA:7,2
DA:8,2
DA:9,2
DA:10,2
DA:12,2
DA:13,1
DA:14,1
DA:16,1
DA:22,0
DA:30,3
DA:31,3
DA:32,3
DA:34,3
DA:35,1
DA:38,2
DA:40,2
DA:41,1
DA:47,1
DA:52,0
DA:57,3
DA:58,3
DA:59,3
DA:61,3
DA:62,1
DA:65,2
DA:67,2
DA:68,1
DA:69,1
DA:71,1
DA:77,1
DA:78,1
DA:80,0
DA:85,3
DA:86,3
DA:88,3
DA:89,3
DA:90,3
DA:92,3
DA:93,1
DA:97,2
DA:98,2
DA:99,1
DA:100,1
DA:103,1
DA:104,1
DA:106,1
DA:113,1
DA:115,1
DA:122,1
DA:123,1
DA:125,0
DA:132,3
DA:133,3
DA:134,3
DA:135,3
DA:137,3
DA:138,1
DA:142,2
DA:143,2
DA:144,1
DA:145,1
DA:148,1
DA:149,1
DA:150,1
DA:151,1
DA:153,1
DA:154,1
DA:156,1
DA:159,0
DA:163,1
DA:164,1
DA:166,0
DA:171,2
DA:172,0
DA:173,0
DA:174,0
DA:175,0
DA:176,0
DA:180,0
DA:181,0
DA:182,0
DA:183,0
DA:186,0
DA:187,0
DA:188,0
DA:189,0
DA:192,0
DA:193,0
DA:195,0
DA:199,0
DA:200,0
DA:202,0
DA:210,2
DA:211,1
DA:212,1
DA:213,1
DA:214,1
DA:215,1
DA:217,0
LF:102
LH:76
BRDA:34,0,0,1
BRDA:40,1,0,1
BRDA:61,2,0,1
BRDA:67,3,0,1
BRDA:77,4,0,1
BRDA:77,4,1,0
BRDA:92,5,0,1
BRDA:98,6,0,1
BRDA:103,7,0,0
BRDA:103,7,1,1
BRDA:122,8,0,1
BRDA:122,8,1,0
BRDA:137,9,0,1
BRDA:143,10,0,1
BRDA:149,11,0,1
BRDA:153,12,0,0
BRDA:153,12,1,1
BRDA:163,13,0,1
BRDA:163,13,1,0
BRDA:175,14,0,0
BRDA:181,15,0,0
BRDA:187,16,0,0
BRDA:199,17,0,0
BRDA:199,17,1,0
BRF:24
BRH:14
end_of_record
TN:
SF:src/helpers/validation_schema.ts
FNF:0
FNH:0
DA:1,2
DA:3,2
DA:11,2
LF:3
LH:3
BRF:0
BRH:0
end_of_record
TN:
SF:src/middleware/isAuth.ts
FN:17,authorizationCheck
FN:37,(anonymous_9)
FN:37,(anonymous_10)
FN:64,(anonymous_11)
FN:64,(anonymous_12)
FNF:5
FNH:3
FNDA:13,authorizationCheck
FNDA:13,(anonymous_9)
FNDA:13,(anonymous_10)
FNDA:0,(anonymous_11)
FNDA:0,(anonymous_12)
DA:2,2
DA:3,2
DA:5,2
DA:7,2
DA:18,13
DA:20,13
DA:21,0
DA:22,0
DA:25,13
DA:28,13
DA:30,11
DA:31,0
DA:32,0
DA:34,11
DA:37,13
DA:38,13
DA:39,13
DA:40,11
DA:42,11
DA:44,11
DA:45,6
DA:47,0
DA:48,0
DA:53,7
DA:54,2
DA:56,5
DA:57,0
DA:59,5
DA:64,2
DA:66,0
DA:67,0
DA:68,0
DA:70,0
DA:71,0
DA:72,0
DA:74,0
DA:78,0
DA:79,0
DA:81,0
DA:82,0
DA:84,0
LF:41
LH:22
BRDA:20,0,0,0
BRDA:30,1,0,0
BRDA:44,2,0,6
BRDA:44,2,1,0
BRDA:53,3,0,2
BRDA:53,3,1,5
BRDA:53,4,0,7
BRDA:53,4,1,5
BRDA:56,5,0,0
BRDA:56,5,1,5
BRDA:70,6,0,0
BRDA:78,7,0,0
BRDA:78,7,1,0
BRDA:78,8,0,0
BRDA:78,8,1,0
BRDA:81,9,0,0
BRDA:81,9,1,0
BRF:17
BRH:6
end_of_record
TN:
SF:src/model/blog.ts
FNF:0
FNH:0
DA:1,2
DA:3,2
DA:24,2
DA:26,2
LF:4
LH:4
BRF:0
BRH:0
end_of_record
TN:
SF:src/model/comment.ts
FNF:0
FNH:0
DA:1,2
DA:3,2
DA:25,2
DA:27,2
LF:4
LH:4
BRF:0
BRH:0
end_of_record
TN:
SF:src/model/like.ts
FNF:0
FNH:0
DA:1,2
DA:3,2
DA:17,2
DA:19,2
LF:4
LH:4
BRF:0
BRH:0
end_of_record
TN:
SF:src/model/message.ts
FNF:0
FNH:0
DA:1,2
DA:3,2
DA:19,2
DA:21,2
LF:4
LH:4
BRF:0
BRH:0
end_of_record
TN:
SF:src/model/user.ts
FNF:0
FNH:0
DA:1,2
DA:3,2
DA:32,2
DA:34,2
LF:4
LH:4
BRF:0
BRH:0
end_of_record
TN:
SF:src/routes/authRoutes.ts
FNF:0
FNH:0
DA:177,2
DA:178,2
DA:181,2
DA:182,2
DA:184,2
DA:186,2
DA:188,2
DA:190,2
DA:199,2
DA:201,2
LF:10
LH:10
BRF:0
BRH:0
end_of_record
TN:
SF:src/routes/dashboardRoutes.ts
FNF:0
FNH:0
DA:288,2
DA:289,2
DA:291,2
DA:292,2
DA:294,2
DA:296,2
DA:298,2
DA:300,2
DA:302,2
DA:312,2
DA:322,2
DA:325,2
DA:328,2
DA:330,2
DA:332,2
LF:15
LH:15
BRF:0
BRH:0
end_of_record
TN:
SF:src/routes/portfolioRoutes.ts
FNF:0
FNH:0
DA:374,2
DA:375,2
DA:377,2
DA:379,2
DA:381,2
DA:384,2
DA:386,2
DA:389,2
DA:391,2
DA:394,2
DA:396,2
DA:399,2
DA:403,2
LF:13
LH:13
BRF:0
BRH:0
end_of_record
